Loading conda_R/4.3.x
Loading required package: SingleCellExperiment
Loading required package: SummarizedExperiment
Loading required package: MatrixGenerics
Loading required package: matrixStats

Attaching package: ‘MatrixGenerics’

The following objects are masked from ‘package:matrixStats’:

    colAlls, colAnyNAs, colAnys, colAvgsPerRowSet, colCollapse,
    colCounts, colCummaxs, colCummins, colCumprods, colCumsums,
    colDiffs, colIQRDiffs, colIQRs, colLogSumExps, colMadDiffs,
    colMads, colMaxs, colMeans2, colMedians, colMins, colOrderStats,
    colProds, colQuantiles, colRanges, colRanks, colSdDiffs, colSds,
    colSums2, colTabulates, colVarDiffs, colVars, colWeightedMads,
    colWeightedMeans, colWeightedMedians, colWeightedSds,
    colWeightedVars, rowAlls, rowAnyNAs, rowAnys, rowAvgsPerColSet,
    rowCollapse, rowCounts, rowCummaxs, rowCummins, rowCumprods,
    rowCumsums, rowDiffs, rowIQRDiffs, rowIQRs, rowLogSumExps,
    rowMadDiffs, rowMads, rowMaxs, rowMeans2, rowMedians, rowMins,
    rowOrderStats, rowProds, rowQuantiles, rowRanges, rowRanks,
    rowSdDiffs, rowSds, rowSums2, rowTabulates, rowVarDiffs, rowVars,
    rowWeightedMads, rowWeightedMeans, rowWeightedMedians,
    rowWeightedSds, rowWeightedVars

Loading required package: GenomicRanges
Loading required package: stats4
Loading required package: BiocGenerics

Attaching package: ‘BiocGenerics’

The following objects are masked from ‘package:stats’:

    IQR, mad, sd, var, xtabs

The following objects are masked from ‘package:base’:

    anyDuplicated, aperm, append, as.data.frame, basename, cbind,
    colnames, dirname, do.call, duplicated, eval, evalq, Filter, Find,
    get, grep, grepl, intersect, is.unsorted, lapply, Map, mapply,
    match, mget, order, paste, pmax, pmax.int, pmin, pmin.int,
    Position, rank, rbind, Reduce, rownames, sapply, setdiff, sort,
    table, tapply, union, unique, unsplit, which.max, which.min

Loading required package: S4Vectors

Attaching package: ‘S4Vectors’

The following object is masked from ‘package:utils’:

    findMatches

The following objects are masked from ‘package:base’:

    expand.grid, I, unname

Loading required package: IRanges
Loading required package: GenomeInfoDb
Loading required package: Biobase
Welcome to Bioconductor

    Vignettes contain introductory material; view with
    'browseVignettes()'. To cite Bioconductor, see
    'citation("Biobase")', and for packages 'citation("pkgname")'.


Attaching package: ‘Biobase’

The following object is masked from ‘package:MatrixGenerics’:

    rowMedians

The following objects are masked from ‘package:matrixStats’:

    anyMissing, rowMedians

Loading required package: ExperimentHub
Loading required package: AnnotationHub
Loading required package: BiocFileCache
Loading required package: dbplyr

Attaching package: ‘AnnotationHub’

The following object is masked from ‘package:Biobase’:

    cache

see ?STexampleData and browseVignettes('STexampleData') for documentation
loading from cache
[1] 1
[1] "0.41240693051368 0.221149067753323"
[1] 2
[1] "0.497699119709432 0.541864651627152"
[1] 3
[1] "0.658282690681517 0.000348098588252621"
[1] 4
[1] "0.926566231995821 0.0450215256726914"
[1] 5
[1] "0.361345544829965 0.117835919134659"
[1] 6
[1] "0.918711747974157 0"
[1] 7
[1] "0.955740214884281 0.00337905351960712"
[1] 8
[1] "0.728638233989477 0.00023866054738776"
[1] 9
[1] "0.703291235119105 0.0259525143150959"
[1] 10
[1] "0.249429016374052 0.000564181128442884"
[1] 11
[1] "0.364779659919441 0.000203642224406106"
[1] 12
[1] "0.341245402023196 0.00157994738830735"
[1] 13
[1] "0.749618277326226 0.113126744283258"
[1] 14
[1] "0.50728297457099 0"
[1] 15
[1] "0.815873135998845 0.110128506089095"
[1] 16
[1] "0.598159393668175 0"
[1] 17
[1] "0.774094806611538 0"
[1] 18
[1] "0.993524875864387 0.0672270669913638"
[1] 19
[1] "0.504028143547475 0"
[1] 20
[1] "0.821956177055836 0.00347165399394636"
[1] 21
[1] "0.947764184884727 0.0794312271340497"
[1] 22
[1] "0.369714017026126 0.131882376937257"
[1] 23
[1] "0.721339012868703 0"
[1] 24
[1] "0.300444076769054 0.293296185779044"
[1] 25
[1] "0.413776534982026 0"
[1] 26
[1] "0.508891274034977 0.00579996054454537"
[1] 27
[1] "0.210712266527116 0.159411274241846"
[1] 28
[1] "0.505910365656018 0.45091096841994"
[1] 29
[1] "0.895752676576376 0.135753485553178"
[1] 30
[1] "0.472279197350144 0.184729507210885"
[1] 31
[1] "0.585664092376828 0.0894596082276882"
[1] 32
[1] "0.679652660340071 0.000280380962248854"
[1] 33
[1] "0.594833045639098 0.225566602925507"
[1] 34
[1] "0.348974081128836 0.00668402596794153"
[1] 35
[1] "0.86189865488559 0.00106266186819027"
[1] 36
[1] "0.734773390553892 0"
[1] 37
[1] "0.835391888581216 0.191267632688702"
[1] 38
[1] "0.286354900710285 1.37648444827023"
[1] 39
[1] "0.778968756832182 0"
[1] 40
[1] "0.529019543714821 0.0604271435423355"
[1] 41
[1] "0.856757035292685 0.00486981498657236"
[1] 42
[1] "0.71764815505594 0.128146220302281"
[1] 43
[1] "0.826346209831536 0.00996508843623398"
[1] 44
[1] "0.642429049313068 0.0805842828105761"
[1] 45
[1] "0.623775664158166 0.0658023916233707"
[1] 46
[1] "0.831484985351562 0.00175189471816507"
[1] 47
[1] "0.218664961867034 0.0278906369283476"
[1] 48
[1] "0.581784052029252 0"
[1] 49
[1] "0.78585099093616 0.0934280395638219"
[1] 50
[1] "0.75418524518609 0.0143004412715223"
[1] 51
[1] "0.582095697708428 0.00558213732120028"
[1] 52
[1] "0.88896758146584 0.00214891283768294"
[1] 53
[1] "0.550477685779333 0.0397482350044955"
[1] 54
[1] "0.395837821625173 0"
[1] 55
[1] "0.25654323771596 0"
[1] 56
[1] "0.279572928138077 0.55500820096275"
[1] 57
[1] "0.4530173657462 0.145309484284932"
[1] 58
[1] "0.614907410554588 0.0487877339012825"
[1] 59
[1] "0.72960406113416 0.0933809850411291"
[1] 60
[1] "0.525464149750769 0"
[1] 61
[1] "0.930300739407539 0"
[1] 62
[1] "0.434882698208094 0.243479633488658"
[1] 63
[1] "0.567252581007779 0.0466480713215346"
[1] 64
[1] "0.465915739350021 0.039952205089484"
[1] 65
[1] "0.720696373656392 0"
[1] 66
[1] "0.406413424573839 0.000976375622836882"
[1] 67
[1] "0.582836198620498 0.0276696730630939"
[1] 68
[1] "0.813048536516726 0"
[1] 69
[1] "0.267397531494498 0"
[1] 70
[1] "0.900257064029574 0"
[1] 71
[1] "0.471258350275457 0"
[1] 72
[1] "0.871552280150354 0"
[1] 73
[1] "0.477346791327 0"
[1] 74
[1] "0.467019944638014 0"
[1] 75
[1] "0.581080996058881 0.000247099127616952"
[1] 76
[1] "0.913758668676019 0.0426375167917881"
[1] 77
[1] "0.891471576504409 0.0203512396205641"
[1] 78
[1] "0.511991634778678 0.000141389311218854"
[1] 79
[1] "0.821856559067965 0.0151611959260791"
[1] 80
[1] "0.968494397774339 0.0127264408490841"
[1] 81
[1] "0.547727587819099 0"
[1] 82
[1] "0.770011742971838 0.0906708348473642"
[1] 83
[1] "0.519995495118201 0"
[1] 84
[1] "0.460281721502543 0"
[1] 85
[1] "0.805669718421996 0.000637517557056253"
[1] 86
[1] "0.362153804115951 0.00129931632287277"
[1] 87
[1] "0.768896977975965 0"
[1] 88
[1] "0.297353536821902 0.32448638343071"
[1] 89
[1] "0.396390811167657 0.486440184080811"
[1] 90
[1] "0.314643503539264 7.44073431972082e-05"
[1] 91
[1] "0.391703532077372 0.0198894995742381"
[1] 92
[1] "0.247147501818836 0"
[1] 93
[1] "0.71383060682565 0"
[1] 94
[1] "0.901015370152891 0.0458057260314409"
[1] 95
[1] "0.823131741955876 0"
[1] 96
[1] "0.837847060710192 0.241603347810351"
[1] 97
[1] "0.564219562895596 0.00524327736284822"
[1] 98
[1] "0.528067265637219 0.196619261571349"
[1] 99
[1] "0.848696194216609 0.000326265312850685"
[1] 100
[1] "0.683946632221341 0.0815965749427086"
[1] 101
[1] "0.723779142461717 0.0549342349050791"
[1] 102
[1] "0.482557817548513 0.00412957018528436"
[1] 103
[1] "0.416208116710186 0.000330579542047781"
[1] 104
[1] "0.99414724893868 0.0845567653673134"
[1] 105
[1] "0.706794611550868 0.00279303740201994"
[1] 106
[1] "0.370566508173943 0.082184504107296"
[1] 107
[1] "0.303497878462076 0.0173971106689165"
[1] 108
[1] "0.582494427450001 0"
[1] 109
[1] "0.939259575866163 0.678641223559375"
[1] 110
[1] "0.679008773714304 0.0114311602726865"
[1] 111
[1] "0.980936555936933 0.0360461962109143"
[1] 112
[1] "0.785434009507298 0.587497569487366"
[1] 113
[1] "0.485381529666483 0.514214487823068"
[1] 114
[1] "0.545178952440619 0"
[1] 115
[1] "0.31856924854219 0.194979142057066"
[1] 116
[1] "0.210462060384452 0.000383556077803151"
[1] 117
[1] "0.772452852874994 0.0205436358731189"
[1] 118
[1] "0.282547388598323 0.142184153781938"
[1] 119
[1] "0.557027478888631 0.00090083278472371"
[1] 120
[1] "0.712080836109817 0"
[1] 121
[1] "0.993470896035433 0.198006409991319"
[1] 122
[1] "0.596474862284958 0"
[1] 123
[1] "0.587479619495571 0"
[1] 124
[1] "0.338753867894411 0.00782000572777814"
[1] 125
[1] "0.80385675560683 0.0154367235255111"
[1] 126
[1] "0.563116391375661 0.150740749414064"
[1] 127
[1] "0.60893582701683 0"
[1] 128
[1] "0.366036090627313 0.00856880786215719"
[1] 129
[1] "0.382926514185965 0.288939253858826"
[1] 130
[1] "0.676569597050548 0.291216189482993"
[1] 131
[1] "0.659897758625448 0"
[1] 132
[1] "0.261651504226029 0.0729310814842809"
[1] 133
[1] "0.228432463668287 0.00092728624951491"
[1] 134
[1] "0.714236393757165 0.124744343385299"
[1] 135
[1] "0.942892159707844 0"
[1] 136
[1] "0.678473937883973 0.016085737218191"
[1] 137
[1] "0.64872059840709 0"
[1] 138
[1] "0.62082217913121 0.259836160042465"
[1] 139
[1] "0.988076179102063 0.00028651421115133"
[1] 140
[1] "0.606113457866013 0.102689119807474"
[1] 141
[1] "0.746230462938547 0.0419332829572451"
[1] 142
[1] "0.681232974119484 0.000282711018757552"
[1] 143
[1] "0.391094942204654 0.0404627641971156"
[1] 144
[1] "0.406532741338015 0.101766956824532"
[1] 145
[1] "0.783447698689997 0.00153031559276257"
[1] 146
[1] "0.562056665122509 0.115663881902774"
[1] 147
[1] "0.340101414732635 0.0424453105396267"
[1] 148
[1] "0.79735861569643 0.0546304971752776"
[1] 149
[1] "0.283990112319589 0.134393784710901"
[1] 150
[1] "0.891635959222913 0.0161338827183434"
[1] 151
[1] "0.691715977340937 0.157993992708456"
[1] 152
[1] "0.64572763107717 0.0929092102446924"
[1] 153
[1] "0.46302185524255 0.00414635206965034"
[1] 154
[1] "0.562505156360567 0.763645952417577"
[1] 155
[1] "0.600352778099477 0.000232463823555687"
[1] 156
[1] "0.344693088904023 0.061150917175928"
[1] 157
[1] "0.623704482242465 0.519797363931626"
[1] 158
[1] "0.260220596566796 0"
[1] 159
[1] "0.422204746119678 0"
[1] 160
[1] "0.370159615390003 0.00194617594271433"
[1] 161
[1] "0.427832384780049 0.021977961241749"
[1] 162
[1] "0.916075282357633 0.0337614459538673"
[1] 163
[1] "0.55698825865984 0"
[1] 164
[1] "0.823987911827862 0.000102456871371381"
[1] 165
[1] "0.904495227895677 0"
[1] 166
[1] "0.53049936760217 0"
[1] 167
[1] "0.251046784408391 0.0190639501620513"
[1] 168
[1] "0.468389993347228 0.00352034756167754"
[1] 169
[1] "0.778980757296085 0.000344344478319416"
[1] 170
[1] "0.470092266798019 0"
[1] 171
[1] "0.70433129798621 0.00702896338648475"
[1] 172
[1] "0.872491643205285 0.091805768769786"
[1] 173
[1] "0.884905331768095 0"
[1] 174
[1] "0.513087424822152 0"
[1] 175
[1] "0.504395108483732 0.030219047753977"
[1] 176
[1] "0.916356340795755 0.0136444846068123"
[1] 177
[1] "0.715452610328793 0.00450522191100551"
[1] 178
[1] "0.792862918972969 0.034766692620472"
[1] 179
[1] "0.684242757223547 0"
[1] 180
[1] "0.922465289197862 0"
[1] 181
[1] "0.434984124079347 0"
[1] 182
[1] "0.353008087910712 0.435335006371566"
[1] 183
[1] "0.909160754643381 0"
[1] 184
[1] "0.602671588584781 0"
[1] 185
[1] "0.901646034419537 0"
[1] 186
[1] "0.35135489795357 0"
[1] 187
[1] "0.806482441909611 0"
[1] 188
[1] "0.779599114134908 0"
[1] 189
[1] "0.954979854635894 0.36820757778651"
[1] 190
[1] "0.638117269612849 0.122743427301664"
[1] 191
[1] "0.769395094178617 0"
[1] 192
[1] "0.511124079860747 0.212620180916286"
[1] 193
[1] "0.280698500946164 0.00768698467873282"
[1] 194
[1] "0.941841670870781 0.000999670645049223"
[1] 195
[1] "0.42658600024879 0.116448005349723"
[1] 196
[1] "0.672458527050912 0.0010010299624836"
[1] 197
[1] "0.288288483954966 0.0356725771088872"
[1] 198
[1] "0.8724056256935 0"
[1] 199
[1] "0.454370947554708 0.000179117390638412"
[1] 200
[1] "0.826281069591641 5.31926351966629e-05"
[1] 201
[1] "0.414006565883756 0"
[1] 202
[1] "0.374916227906942 6.31072646835306e-05"
[1] 203
[1] "0.613437469117343 0.0875960393928719"
[1] 204
[1] "0.415160473622382 0"
[1] 205
[1] "0.344934661872685 0.0446120617838154"
[1] 206
[1] "0.614860909990966 0"
[1] 207
[1] "0.650226348638535 0"
[1] 208
[1] "0.303325483575463 0.110144377902968"
[1] 209
[1] "0.405094083212316 0"
[1] 210
[1] "0.774348220787942 0.111248680455509"
[1] 211
[1] "0.969127949140966 0"
[1] 212
[1] "0.280112677253783 0.00505348112380984"
[1] 213
[1] "0.810578151606023 0"
[1] 214
[1] "0.958373083733022 0"
[1] 215
[1] "0.854907750710845 0"
[1] 216
[1] "0.446633864566684 0"
[1] 217
[1] "0.719663568399847 0.000867350912326653"
[1] 218
[1] "0.962684360891581 0"
[1] 219
[1] "0.962986120022833 0"
[1] 220
[1] "0.471983362734318 0"
[1] 221
[1] "0.409979288093746 0.0279465105710705"
[1] 222
[1] "0.332363146543503 0"
[1] 223
[1] "0.457734445296228 0"
[1] 224
[1] "0.608100165240467 0.102304856627283"
[1] 225
[1] "0.939174777083099 0.138711444001575"
[1] 226
[1] "0.60876775868237 0.101398446474435"
[1] 227
[1] "0.406097008660436 0"
[1] 228
[1] "0.237168709561229 0"
[1] 229
[1] "0.534285006672144 0.00123852603632713"
[1] 230
[1] "0.883201201818884 0.0796363983577936"
[1] 231
[1] "0.477784542180598 0"
[1] 232
[1] "0.305153856426477 0"
[1] 233
[1] "0.499589491635561 0.0282938252900527"
[1] 234
[1] "0.705136182717979 0"
[1] 235
[1] "0.512063146941364 0"
[1] 236
[1] "0.751702279038727 0.00708520871722135"
[1] 237
[1] "0.751530729979277 0.00107919210112349"
[1] 238
[1] "0.643920498527586 0"
[1] 239
[1] "0.543699526228011 0"
[1] 240
[1] "0.562176050245762 0.13305990882529"
[1] 241
[1] "0.445154607109725 0.0561575480470735"
[1] 242
[1] "0.662683155201375 0"
[1] 243
[1] "0.928296243399382 0.0872065540447447"
[1] 244
[1] "0.314083265699446 0.0281477298271436"
[1] 245
[1] "0.532038100250065 0.00454251768864054"
[1] 246
[1] "0.368740600533783 0.0514394168044116"
[1] 247
[1] "0.54300029668957 0.0268199806905376"
[1] 248
[1] "0.306151980161667 0.00675094316249074"
[1] 249
[1] "0.568077156692743 0.0092784883180189"
[1] 250
[1] "0.954365647397935 0.00144470734725159"
[1] 251
[1] "0.809579089283943 0.00606012951171856"
[1] 252
[1] "0.946327863074839 0.0935596076876157"
[1] 253
[1] "0.576542798057199 0"
[1] 254
[1] "0.682870454154909 0.00657190175296573"
[1] 255
[1] "0.587991744466126 0.0921315115602677"
[1] 256
[1] "0.287045053206384 0.0345035909760925"
[1] 257
[1] "0.398181466385722 0.00071477931804088"
[1] 258
[1] "0.598811624571681 0.000796768418928481"
[1] 259
[1] "0.498293366469443 0.00972403135981711"
[1] 260
[1] "0.947753096185625 0.000151719810255391"
[1] 261
[1] "0.619188862293959 0.0189932890125584"
[1] 262
[1] "0.453715737350285 0"
[1] 263
[1] "0.4223728235811 0.299002158492143"
[1] 264
[1] "0.830032406188548 0"
[1] 265
[1] "0.761970010027289 0.0930233904251425"
[1] 266
[1] "0.332022110931575 0.00231091895460365"
[1] 267
[1] "0.251566031016409 0.0426663364352114"
[1] 268
[1] "0.803764497302473 0.000436813517502891"
[1] 269
[1] "0.696328026428819 0.0115647810909656"
[1] 270
[1] "0.33566141333431 0.00919838371203581"
[1] 271
[1] "0.2497712418437 0"
[1] 272
[1] "0.287223414890468 0"
[1] 273
[1] "0.505373081378639 0"
[1] 274
[1] "0.335448731668293 0.0362825834087489"
[1] 275
[1] "0.438922033645213 0.0225482871131571"
[1] 276
[1] "0.353767628036439 0"
[1] 277
[1] "0.405736017040908 0"
[1] 278
[1] "0.344985458254814 0"
[1] 279
[1] "0.581850967742503 0"
[1] 280
[1] "0.816589634306729 0.0139893624540232"
[1] 281
[1] "0.222229697927833 0.051726223042361"
[1] 282
[1] "0.621848621591926 0.294193545872625"
[1] 283
[1] "0.904255255125463 0.000178202941314"
[1] 284
[1] "0.49845069758594 0"
[1] 285
[1] "0.238367305323482 0"
[1] 286
[1] "0.310902597382665 0"
[1] 287
[1] "0.457193696312606 0.168147469075945"
[1] 288
[1] "0.323865289054811 0"
[1] 289
[1] "0.305782537721097 0.0463729462384656"
[1] 290
[1] "0.377044742181897 0.2321033985056"
[1] 291
[1] "0.38110463693738 0.0466475761194981"
[1] 292
[1] "0.305133227072656 0"
[1] 293
[1] "0.985250768251717 0"
[1] 294
[1] "0.461610981449485 0.00389331667752312"
[1] 295
[1] "0.60555159766227 0.0482776430579794"
[1] 296
[1] "0.745154011808336 0"
[1] 297
[1] "0.279335282556713 0.0504731261713102"
[1] 298
[1] "0.295122046582401 0.00806783615908013"
[1] 299
[1] "0.240351727604866 0.02228121069589"
[1] 300
[1] "0.943403135798871 0.000539486149732194"
[1] 301
[1] "0.738969786278904 0.0313761683111928"
[1] 302
[1] "0.275886284373701 0.0502835510625357"
[1] 303
[1] "0.594076896645129 0"
[1] 304
[1] "0.569241472519934 0.0572972771610665"
[1] 305
[1] "0.500173224695027 0.0705472987848881"
[1] 306
[1] "0.992879375629127 0"
[1] 307
[1] "0.341080570966005 0.000510454279128394"
[1] 308
[1] "0.850748166814447 0.108035351240557"
[1] 309
[1] "0.254757309705019 0.0608754168243122"
[1] 310
[1] "0.520359797403216 0.000107711172978662"
[1] 311
[1] "0.312915460579097 0.000960513762556662"
[1] 312
[1] "0.354647889919579 0.249761051480064"
[1] 313
[1] "0.873081373423338 0.00135500843675021"
[1] 314
[1] "0.775931190699339 0"
[1] 315
[1] "0.413769666478038 0.298276562704409"
[1] 316
[1] "0.59600131586194 0.29088583296408"
[1] 317
[1] "0.266491118259728 0.0631870031702895"
[1] 318
[1] "0.48310739248991 0.256609477243527"
[1] 319
[1] "0.97536704428494 0"
[1] 320
[1] "0.699771351739764 0.0160179851128068"
[1] 321
[1] "0.731694599799812 0.0272951146191188"
[1] 322
[1] "0.449991725198925 0.0208588647982406"
[1] 323
[1] "0.52455169018358 0"
[1] 324
[1] "0.996861897222698 0"
[1] 325
[1] "0.884065885096788 0.154861534989064"
[1] 326
[1] "0.962838716804981 0.00465304045191043"
[1] 327
[1] "0.849844073876739 0.0116917980584237"
[1] 328
[1] "0.825745692662895 0.00138019602050725"
[1] 329
[1] "0.41430250313133 0.0373559749193938"
[1] 330
[1] "0.809721223637462 0.0380020203663311"
[1] 331
[1] "0.989049271307886 0.0187202911967663"
[1] 332
[1] "0.434884439222515 0"
[1] 333
[1] "0.519480885565281 0.0876609271106239"
[1] 334
[1] "0.849705219082534 0.000253430542242476"
[1] 335
[1] "0.261721335351467 0.0155134475302398"
[1] 336
[1] "0.490957447886467 0"
[1] 337
[1] "0.554073973745108 0"
[1] 338
[1] "0.325371306017041 0"
[1] 339
[1] "0.665764216147363 0"
[1] 340
[1] "0.976129743084311 0.234463643416795"
[1] 341
[1] "0.991599866747856 0.000515543083050014"
[1] 342
[1] "0.341161629185081 0.0343605511862812"
[1] 343
[1] "0.633704339526594 0.0779565680725741"
[1] 344
[1] "0.50744311362505 0"
[1] 345
[1] "0.740931240655482 0.0558184697947359"
[1] 346
[1] "0.415435023792088 0.00134144675786797"
[1] 347
[1] "0.575400753878057 0"
[1] 348
[1] "0.337440065853298 0"
[1] 349
[1] "0.495351569913328 0.102699484566973"
[1] 350
[1] "0.780324218049645 0"
[1] 351
[1] "0.58891928344965 0.118304718351427"
[1] 352
[1] "0.251041973382235 0"
[1] 353
[1] "0.827636983990669 0"
[1] 354
[1] "0.534657308645546 0.0504478276631528"
[1] 355
[1] "0.984814467839897 0"
[1] 356
[1] "0.426307164691389 0.000160594905943981"
[1] 357
[1] "0.878305719606578 0.00254055010782382"
[1] 358
[1] "0.26579138468951 0.105468316992592"
[1] 359
[1] "0.909167000465095 0"
[1] 360
[1] "0.577544584684074 0.288411326991572"
[1] 361
[1] "0.287280770763755 0"
[1] 362
[1] "0.466622387617826 0.0716895165228845"
[1] 363
[1] "0.869933255389333 0.117298183343755"
[1] 364
[1] "0.421479873359203 0.00226146339962093"
[1] 365
[1] "0.669628113135695 0"
[1] 366
[1] "0.869385815784335 0.0407743634686302"
[1] 367
[1] "0.256923219189048 0.134416500797053"
[1] 368
[1] "0.762222994677723 0"
[1] 369
[1] "0.759059629775584 0.0521412920298152"
[1] 370
[1] "0.57116990480572 0"
[1] 371
[1] "0.549544888362288 0.0390778712918169"
[1] 372
[1] "0.649741430208087 0.0226433585432992"
[1] 373
[1] "0.942786581069231 0.0803460678582509"
[1] 374
[1] "0.384373131394386 0.256683567489605"
[1] 375
[1] "0.377451003529131 0"
[1] 376
[1] "0.53617271464318 0"
[1] 377
[1] "0.46681664455682 0"
[1] 378
[1] "0.891846040263772 0"
[1] 379
[1] "0.341755628585815 0.0788285086919052"
[1] 380
[1] "0.59465498290956 0.0633699804366402"
[1] 381
[1] "0.543770693428814 0"
[1] 382
[1] "0.651411074399948 0.00403339646309517"
[1] 383
[1] "0.724929852411151 0.206626246556829"
[1] 384
[1] "0.982843250222504 0.0222944161515431"
[1] 385
[1] "0.385728918761015 0.00196502223687233"
[1] 386
[1] "0.392649276927114 0"
[1] 387
[1] "0.837468867190182 0.000609642755967987"
[1] 388
[1] "0.865337372012436 0.098244873908723"
[1] 389
[1] "0.290806165151298 0"
[1] 390
[1] "0.970649613067508 0.0437185575399997"
[1] 391
[1] "0.317858319729567 0.187437234795452"
[1] 392
[1] "0.314901554211974 0.0850255669444463"
[1] 393
[1] "0.940183948166669 0.00351824581391076"
[1] 394
[1] "0.605628482066095 0.00673536611657592"
[1] 395
[1] "0.323880813643336 0.108519484547256"
[1] 396
[1] "0.478641641698778 0.0124157291830276"
[1] 397
[1] "0.727856820635498 0.0031676983706075"
[1] 398
[1] "0.449417899549007 0.00110946515456809"
[1] 399
[1] "0.481258727423847 0.0960124604444051"
[1] 400
[1] "0.318276565521955 0"
[1] 401
[1] "0.727102087251842 0.0441238449063353"
[1] 402
[1] "0.348055971600115 0.0145080383419577"
[1] 403
[1] "0.963502509519458 0.0538958077900064"
[1] 404
[1] "0.918278793618083 0.000110504071843891"
[1] 405
[1] "0.954957643523812 0.203732008864944"
[1] 406
[1] "0.778952600993216 0.00227714122315304"
[1] 407
[1] "0.49628565274179 0.00532011483648334"
[1] 408
[1] "0.824814032204449 0.0186070016280982"
[1] 409
[1] "0.208919606916606 0"
[1] 410
[1] "0.952246969752014 0"
[1] 411
[1] "0.994999380968511 0.00568514569968657"
[1] 412
[1] "0.4859245961532 0.00118252966585759"
[1] 413
[1] "0.798108050785959 0.00104552368561628"
[1] 414
[1] "0.834327219054103 0.101865626052154"
[1] 415
[1] "0.76468720510602 0"
[1] 416
[1] "0.580660030990839 0.0369280108104644"
[1] 417
[1] "0.595723620802164 0.00215113234618004"
[1] 418
[1] "0.446441959030926 0.000105116231629328"
[1] 419
[1] "0.756009797006846 0"
[1] 420
[1] "0.858234644494951 0.0538768945759133"
[1] 421
[1] "0.547774112597108 0.0238393357260275"
[1] 422
[1] "0.611786122247577 0.163633371148683"
[1] 423
[1] "0.730408774130046 0.0223309865795916"
[1] 424
[1] "0.314533269219101 0"
[1] 425
[1] "0.475589914992452 0.000595763733785504"
[1] 426
[1] "0.524610865861177 0"
[1] 427
[1] "0.268248804658651 0.0184163028281795"
[1] 428
[1] "0.946057542599738 0.0561179827684277"
[1] 429
[1] "0.870707253366709 0"
[1] 430
[1] "0.903546636924148 0.0497754411106293"
[1] 431
[1] "0.948569974116981 0.0216112378746848"
[1] 432
[1] "0.257968506775796 0"
[1] 433
[1] "0.503007552400231 0"
[1] 434
[1] "0.630291938222945 0.000118488616595502"
[1] 435
[1] "0.2840401109308 0.000234084787284683"
[1] 436
[1] "0.841350164450705 0"
[1] 437
[1] "0.791713396646083 0.107336757998893"
[1] 438
[1] "0.241719210706651 0.0366403923387777"
[1] 439
[1] "0.585735658556223 0.00585124661991022"
[1] 440
[1] "0.936414272524416 0"
[1] 441
[1] "0.23322274312377 0.000610093053679705"
[1] 442
[1] "0.435193439200521 0.292747608237654"
[1] 443
[1] "0.600680389814079 0.000918059408620414"
[1] 444
[1] "0.687799148075283 0.10545560670906"
[1] 445
[1] "0.411399239674211 0.175470257082929"
[1] 446
[1] "0.53847888763994 0"
[1] 447
[1] "0.493250893056393 0.00197524898769041"
[1] 448
[1] "0.954004257917404 0.222076482900358"
[1] 449
[1] "0.298978852108121 0.000180662508313939"
[1] 450
[1] "0.256026143394411 0"
[1] 451
[1] "0.971453630365431 0.0769514185371779"
[1] 452
[1] "0.554008086584509 0.1399958262701"
[1] 453
[1] "0.496217904239893 0"
[1] 454
[1] "0.336194864101708 0.0604834251258226"
[1] 455
[1] "0.243352343514562 0.000779704795374461"
[1] 456
[1] "0.726262455433607 0.00172568029035915"
[1] 457
[1] "0.662529533356428 0"
[1] 458
[1] "0.989681411162019 0.000923770504524535"
[1] 459
[1] "0.683033921197057 0"
[1] 460
[1] "0.25195993501693 0.00546296498534582"
[1] 461
[1] "0.329687265492976 0.123770712497936"
[1] 462
[1] "0.580318336375058 0"
[1] 463
[1] "0.201546267792583 0.00339980459127855"
[1] 464
[1] "0.553167314454913 0"
[1] 465
[1] "0.408743789792061 0.0501877818766021"
[1] 466
[1] "0.950730996392667 0.000251078743314073"
[1] 467
[1] "0.772666626982391 0.0588886154362335"
[1] 468
[1] "0.330468382686377 0"
[1] 469
[1] "0.580950414761901 0"
[1] 470
[1] "0.752205378375947 0.000968578219643676"
[1] 471
[1] "0.568716143630445 0"
[1] 472
[1] "0.964117390662432 0.233361269667942"
[1] 473
[1] "0.770032097958028 0"
[1] 474
[1] "0.517718346603215 0"
[1] 475
[1] "0.294176489673555 0.000706329591322203"
[1] 476
[1] "0.392093018442392 0"
[1] 477
[1] "0.890904453210533 0"
[1] 478
[1] "0.548781121335924 0.0105221557251507"
[1] 479
[1] "0.598294441588223 0.00475138629216148"
[1] 480
[1] "0.75354213770479 0"
[1] 481
[1] "0.808250625431538 0.0790777046985368"
[1] 482
[1] "0.324320978112519 0"
[1] 483
[1] "0.879565674439073 0.288800470172357"
[1] 484
[1] "0.957454255223274 0"
[1] 485
[1] "0.670735352300108 0.00135055558312776"
[1] 486
[1] "0.601800652220845 0.0371451169839912"
[1] 487
[1] "0.351823934167624 0.00660253780504217"
[1] 488
[1] "0.201469486579299 0.838172507474911"
[1] 489
[1] "0.902062449790537 8.69389331093777e-05"
[1] 490
[1] "0.307289070263505 0"
[1] 491
[1] "0.218192979320884 0.14243719660795"
[1] 492
[1] "0.951309364847839 0"
[1] 493
[1] "0.434358978271484 0"
[1] 494
[1] "0.331461259536445 0.110544527658318"
[1] 495
[1] "0.519282044656575 0.000855890692201394"
[1] 496
[1] "0.567660329677165 0"
[1] 497
[1] "0.547224678844213 0"
[1] 498
[1] "0.613607861101627 0.000594783885614765"
[1] 499
[1] "0.876996602118015 0"
[1] 500
[1] "0.244131429120898 0.213860345258493"
[1] 501
[1] "0.643341648951173 0.00401464468246727"
[1] 502
[1] "0.750620190054178 0"
[1] 503
[1] "0.726446042954922 0"
[1] 504
[1] "0.730674180202186 0.0942800492377968"
[1] 505
[1] "0.577787362039089 0.0875098068532529"
[1] 506
[1] "0.975622532889247 0"
[1] 507
[1] "0.521757650189102 0"
[1] 508
[1] "0.879641683027148 0.000195347125413668"
[1] 509
[1] "0.80531592592597 0.311186965676111"
[1] 510
[1] "0.626080975495279 0"
[1] 511
[1] "0.899319728650153 0.0120746809071054"
[1] 512
[1] "0.573692092485726 0.0753958820012147"
[1] 513
[1] "0.206502764299512 0.0316476685863903"
[1] 514
[1] "0.782213603705168 0.00145561420063457"
[1] 515
[1] "0.773271583020687 0.0557562339927203"
[1] 516
[1] "0.349941096827388 0"
[1] 517
[1] "0.716853821463883 0.101435625859391"
[1] 518
[1] "0.633583423867822 0.000885329576341222"
[1] 519
[1] "0.468256607837975 0.00174458522026386"
[1] 520
[1] "0.710326978564263 0.0720835860524876"
[1] 521
[1] "0.863360851071775 0"
[1] 522
[1] "0.767180158756673 0"
[1] 523
[1] "0.47884028069675 0"
[1] 524
[1] "0.302662299945951 0.000115994856180719"
[1] 525
[1] "0.510462791100144 0"
[1] 526
[1] "0.942542038671672 0.00660989524145088"
[1] 527
[1] "0.843512617051601 0"
[1] 528
[1] "0.806957445666194 0.000360705408789044"
[1] 529
[1] "0.965799911133945 0"
[1] 530
[1] "0.995131102949381 0"
[1] 531
[1] "0.685152795724571 0.000116437066582788"
[1] 532
[1] "0.223501732386649 0.00013616275401083"
[1] 533
[1] "0.469156286306679 0"
[1] 534
[1] "0.422126469388604 0.135611399538993"
[1] 535
[1] "0.293758040107787 0"
[1] 536
[1] "0.234574607200921 0"
[1] 537
[1] "0.496247828565538 0.123098154296279"
[1] 538
[1] "0.469502647034824 0.0529791244553049"
[1] 539
[1] "0.338922042772174 0"
[1] 540
[1] "0.69741862360388 0.350176681718179"
[1] 541
[1] "0.518274901993573 0.136541609759323"
[1] 542
[1] "0.964540614932776 0"
[1] 543
[1] "0.722679554484785 0.00167548313710772"
[1] 544
[1] "0.462994973361492 0.277436623820506"
[1] 545
[1] "0.357717370800674 1.69520478130202"
[1] 546
[1] "0.292273859865963 0.0383027661349923"
[1] 547
[1] "0.996772382967174 0.000605998064542278"
[1] 548
[1] "0.503421380184591 0.143302404292858"
[1] 549
[1] "0.649590474180877 0.00193863431475704"
[1] 550
[1] "0.786174414120615 0.18351593663473"
[1] 551
[1] "0.896644442342222 0.157599059906484"
[1] 552
[1] "0.657736207731068 0"
[1] 553
[1] "0.208828856796026 0"
[1] 554
[1] "0.92505220901221 0.000169704054722114"
[1] 555
[1] "0.816522905230522 0.00598498293543134"
[1] 556
[1] "0.506003698706627 0"
[1] 557
[1] "0.275236711092293 0.0263589928397918"
[1] 558
[1] "0.239722867123783 0"
[1] 559
[1] "0.856929854489863 0.00549757791163316"
[1] 560
[1] "0.863459443487227 0.165324291145175"
[1] 561
[1] "0.723786300607026 0.226605549816482"
[1] 562
[1] "0.306262250430882 0.00790981070343375"
[1] 563
[1] "0.473447920940816 0.188063951138175"
[1] 564
[1] "0.785097263194621 0"
[1] 565
[1] "0.925833132863045 0"
[1] 566
[1] "0.756957599520683 0.00445188654238932"
[1] 567
[1] "0.393263377808034 0"
[1] 568
[1] "0.715285782888532 0.110784194701778"
[1] 569
[1] "0.42460017092526 0.051937598971655"
[1] 570
[1] "0.966109216585755 0"
[1] 571
[1] "0.326716765388846 0.00528437703842754"
[1] 572
[1] "0.534671193361282 0.401626518573272"
[1] 573
[1] "0.401607837900519 0"
[1] 574
[1] "0.275512214191258 0.0164460631262693"
[1] 575
[1] "0.862174215726554 0"
[1] 576
[1] "0.620244402997196 0"
[1] 577
[1] "0.734198101982474 0.121422450523369"
[1] 578
[1] "0.526622207835317 0"
[1] 579
[1] "0.874071922712028 0"
[1] 580
[1] "0.789844374358654 0.0072595609519541"
[1] 581
[1] "0.47857952080667 0.621183374639234"
[1] 582
[1] "0.959150541946292 0"
[1] 583
[1] "0.717343351989985 0"
[1] 584
[1] "0.228222213499248 0.0934770982565348"
[1] 585
[1] "0.677158764563501 0.0050094383350748"
[1] 586
[1] "0.532254401221871 0"
[1] 587
[1] "0.261517630517483 0"
[1] 588
[1] "0.622439103387296 0.0014136579700754"
[1] 589
[1] "0.969866646826267 0.00422289539150238"
[1] 590
[1] "0.766992040909827 0"
[1] 591
[1] "0.642780562862754 0.000520984854346077"
[1] 592
[1] "0.394365287199616 0"
[1] 593
[1] "0.822434023208916 0"
[1] 594
[1] "0.721552754752338 0.00134908541646043"
[1] 595
[1] "0.864196563139558 0.0342762042321699"
[1] 596
[1] "0.71884075794369 0.000219343622070394"
[1] 597
[1] "0.583868635445833 0.140182156531865"
[1] 598
[1] "0.596051284484565 0.00572279727912976"
[1] 599
[1] "0.503898073174059 0.260115215175421"
[1] 600
[1] "0.560388349741697 0.075098541681843"
[1] 601
[1] "0.851401400379837 0.00377284266928686"
[1] 602
[1] "0.943021780624986 0.00267349498707155"
[1] 603
[1] "0.317984836176038 0"
[1] 604
[1] "0.799857331998646 0"
[1] 605
[1] "0.980525879748166 0.0634298052478843"
[1] 606
[1] "0.97983397077769 0"
[1] 607
[1] "0.480500456131995 0"
[1] 608
[1] "0.515159245580435 0.0146896640659548"
[1] 609
[1] "0.96076080724597 0"
[1] 610
[1] "0.285318655706942 0"
[1] 611
[1] "0.947808093205094 0.145207818656315"
[1] 612
[1] "0.476929679885507 0.169057297044843"
[1] 613
[1] "0.626448484696448 0.000490760854662355"
[1] 614
[1] "0.631035439483821 0.000703896307060113"
[1] 615
[1] "0.771774359792471 0"
[1] 616
[1] "0.524632400088012 0.107723417973627"
[1] 617
[1] "0.32223051302135 0.000133411924461724"
[1] 618
[1] "0.472186209075153 0"
[1] 619
[1] "0.701323878020048 0.054609764450385"
[1] 620
[1] "0.245898142643273 0.052509044486656"
[1] 621
[1] "0.881334111839533 0"
[1] 622
[1] "0.370116276666522 0.00868783248354535"
[1] 623
[1] "0.631569622270763 0.0123511713280374"
[1] 624
[1] "0.309190068952739 0.154143613353979"
[1] 625
[1] "0.459892112389207 0.246196885420306"
[1] 626
[1] "0.696861035004258 0.00924611850313769"
[1] 627
[1] "0.404785798862576 0.0430866437497111"
[1] 628
[1] "0.70790063906461 0.00445041213458481"
[1] 629
[1] "0.588537685573101 0.00209818017275926"
[1] 630
[1] "0.950541533343494 0.00455490059333397"
[1] 631
[1] "0.886001229658723 0.0630408040277057"
[1] 632
[1] "0.496706830151379 0"
[1] 633
[1] "0.451361463963985 0"
[1] 634
[1] "0.862827487848699 7.32108645968178e-05"
[1] 635
[1] "0.561473210528493 0.0030052231625157"
[1] 636
[1] "0.452702729776502 0.281953252836848"
[1] 637
[1] "0.278246830031276 0.0690843863427481"
[1] 638
[1] "0.251920429244638 0.338651460860851"
[1] 639
[1] "0.751565893180668 0.00451628492016347"
[1] 640
[1] "0.734440483152866 0.00275073292197734"
[1] 641
[1] "0.923637318238616 0"
[1] 642
[1] "0.441354616358876 8.22283903345186e-05"
[1] 643
[1] "0.946246963739395 0"
[1] 644
[1] "0.361586413905025 0"
[1] 645
[1] "0.833903004787862 0"
[1] 646
[1] "0.379704407043755 0.0414028707332769"
[1] 647
[1] "0.22460525687784 0.00150563553213338"
[1] 648
[1] "0.889627232961357 0.26165625750174"
[1] 649
[1] "0.748086004145444 0"
[1] 650
[1] "0.953659927658737 0.0054917101569939"
[1] 651
[1] "0.740683008357883 0.0295701402825412"
[1] 652
[1] "0.874496118724346 0.00011248814938437"
[1] 653
[1] "0.489515347965062 0.0295729145306552"
[1] 654
[1] "0.513892708159983 0"
[1] 655
[1] "0.654149918071926 0.0052712916601184"
[1] 656
[1] "0.27612170688808 0.00223179714180054"
[1] 657
[1] "0.355027257278562 0.123992562369789"
[1] 658
[1] "0.670453114435077 0.000106941175126873"
[1] 659
[1] "0.801203334517777 0.0109710331746446"
[1] 660
[1] "0.893791029788554 0.218171637730618"
[1] 661
[1] "0.497436589747667 0.0053245705903155"
[1] 662
[1] "0.839051639661193 0.000225207432102211"
[1] 663
[1] "0.246651514060795 0"
[1] 664
[1] "0.698748567514122 0"
[1] 665
[1] "0.48531312532723 0"
[1] 666
[1] "0.670342345908284 0"
[1] 667
[1] "0.931027713604272 0"
[1] 668
[1] "0.359553746320307 0.00564360149581002"
[1] 669
[1] "0.495266899093986 0"
[1] 670
[1] "0.73712666220963 0"
[1] 671
[1] "0.814515640586615 0.112720577632485"
[1] 672
[1] "0.617798620834947 0.00401439083032704"
[1] 673
[1] "0.862460014410317 0"
[1] 674
[1] "0.621676955744624 0.0746914879179493"
[1] 675
[1] "0.601403860002756 0.297464612266581"
[1] 676
[1] "0.53597865588963 0.0910406933889381"
[1] 677
[1] "0.489838626608253 0"
[1] 678
[1] "0.298743128217757 0"
[1] 679
[1] "0.438529223576188 0"
[1] 680
[1] "0.421341191790998 0"
[1] 681
[1] "0.816180284507573 0.00539272202373814"
[1] 682
[1] "0.822545041702688 0"
[1] 683
[1] "0.315029824525118 0.26234663603835"
[1] 684
[1] "0.612420920468867 0"
[1] 685
[1] "0.677792388387024 0"
[1] 686
[1] "0.60467441920191 0"
[1] 687
[1] "0.508879706449807 0"
[1] 688
[1] "0.540878480672836 0.013118904510132"
[1] 689
[1] "0.209407787770033 0"
[1] 690
[1] "0.935465416312218 0"
[1] 691
[1] "0.263551754504442 0.0183776027063521"
[1] 692
[1] "0.605899403803051 0"
[1] 693
[1] "0.856137293577194 0"
[1] 694
[1] "0.67871633451432 0.000925396426676684"
[1] 695
[1] "0.539322820864618 0.00078128156467249"
[1] 696
[1] "0.647448216564953 0.00653250934551573"
[1] 697
[1] "0.831275577656925 0"
[1] 698
[1] "0.334172206372023 0.00401284526439918"
[1] 699
[1] "0.976361384056509 0.0469035668673265"
[1] 700
[1] "0.578802478685975 0.0301960352730986"
[1] 701
[1] "0.943794564716518 0"
[1] 702
[1] "0.920751416310668 0.0554823744460737"
[1] 703
[1] "0.800705750286579 0.00668044181056725"
[1] 704
[1] "0.741255017928779 0.00250048887477716"
[1] 705
[1] "0.718410756625235 0.0164565541528538"
[1] 706
[1] "0.258597495779395 0.0135248465249494"
[1] 707
[1] "0.538846734724939 0.0739348150881149"
[1] 708
[1] "0.624659491330385 0.221445952613539"
[1] 709
[1] "0.954163809865713 0.00234257967299891"
[1] 710
[1] "0.769779647514224 0"
[1] 711
[1] "0.779592460393906 0.00518791391255482"
[1] 712
[1] "0.576102894172072 0.0625916328101098"
[1] 713
[1] "0.296225804649293 0.0121776579416635"
[1] 714
[1] "0.826478136703372 0.000397486229587399"
[1] 715
[1] "0.550525917671621 0"
[1] 716
[1] "0.545164783857763 0.00454841969178596"
[1] 717
[1] "0.221998303197324 0"
[1] 718
[1] "0.317249474301934 0.0020459569262112"
[1] 719
[1] "0.538076126389206 0"
[1] 720
[1] "0.813709739409387 0"
[1] 721
[1] "0.203813156299293 0.000639541513428253"
[1] 722
[1] "0.682876553200185 0.0682375369763092"
[1] 723
[1] "0.924461808428168 0.00102924174346031"
[1] 724
[1] "0.765329225547612 0"
[1] 725
[1] "0.4100297274068 0.0746988215508659"
[1] 726
[1] "0.880860975570977 0.0047018259850034"
[1] 727
[1] "0.466884412057698 0.0899551044059621"
[1] 728
[1] "0.662627414055169 0"
[1] 729
[1] "0.546218504197896 0.184016493982487"
[1] 730
[1] "0.241276258416474 0.000801085912818489"
[1] 731
[1] "0.783842630311847 0.112208058493805"
[1] 732
[1] "0.638536331430078 0"
[1] 733
[1] "0.800977588444948 0"
[1] 734
[1] "0.240616931766272 0"
[1] 735
[1] "0.771972969919443 0"
[1] 736
[1] "0.438155565410852 0.237528349171084"
[1] 737
[1] "0.426781767793 0.0108323625316161"
[1] 738
[1] "0.863901701942086 0.0437845411389615"
[1] 739
[1] "0.269116300158203 0"
[1] 740
[1] "0.234125695191324 0.131307121832457"
[1] 741
[1] "0.478992647118866 0.233949334887202"
[1] 742
[1] "0.633868808113039 0.0135208203595176"
[1] 743
[1] "0.687568690814078 0.0787868308298799"
[1] 744
[1] "0.417097678780556 0.0482361348289778"
[1] 745
[1] "0.364184745587409 0.0532773676689332"
[1] 746
[1] "0.505305718630552 0"
[1] 747
[1] "0.578046492300928 0.694590134541195"
[1] 748
[1] "0.868414359912276 0"
[1] 749
[1] "0.297177197039127 0.0179159938861474"
[1] 750
[1] "0.740646499954164 0.235105166999432"
[1] 751
[1] "0.597348175942898 0.0324234200471134"
[1] 752
[1] "0.921790198236704 0.113086276339327"
[1] 753
[1] "0.641011173464358 0.107416539594875"
[1] 754
[1] "0.302851741202176 0.000609537253589638"
[1] 755
[1] "0.55360782854259 0.00207112077303155"
[1] 756
[1] "0.353838157095015 0.00173806988216841"
[1] 757
[1] "0.547920497693121 0.00329457454799211"
[1] 758
[1] "0.380106722377241 0.118615605210823"
[1] 759
[1] "0.968877025693655 0.0452052173089323"
[1] 760
[1] "0.55874197203666 0.0748171160714316"
[1] 761
[1] "0.821715988218784 0.0621218714665869"
[1] 762
[1] "0.326575819589198 0"
[1] 763
[1] "0.893446866050363 0.0723790755217415"
[1] 764
[1] "0.364916484616697 0.000455995359308241"
[1] 765
[1] "0.342359746433795 0"
[1] 766
[1] "0.331912917084992 0.13534177288532"
[1] 767
[1] "0.652215181849897 0.19083118572264"
[1] 768
[1] "0.7817448168993 0"
[1] 769
[1] "0.900735191255808 0.172817835931939"
[1] 770
[1] "0.76673950701952 0.102634248736477"
[1] 771
[1] "0.581970568746328 0"
[1] 772
[1] "0.856223994866014 1.15516506108004"
[1] 773
[1] "0.213289768621326 0.0653906931670138"
[1] 774
[1] "0.996888880990446 0.000125357972412556"
[1] 775
[1] "0.707915868610144 0.350051784139306"
[1] 776
[1] "0.542780304700136 0.00292889988991719"
[1] 777
[1] "0.222714346274734 0.0625016006888557"
[1] 778
[1] "0.802666160464287 0.0599487500698213"
[1] 779
[1] "0.366907180286944 0.00677834564367981"
[1] 780
[1] "0.999564324133098 0.0796715389899389"
[1] 781
[1] "0.925799354538322 0"
[1] 782
[1] "0.769972025416791 0.287112508531211"
[1] 783
[1] "0.784746307134628 0"
[1] 784
[1] "0.57799033690244 0.0253353748196406"
[1] 785
[1] "0.890008549578488 0"
[1] 786
[1] "0.332332097925246 0"
[1] 787
[1] "0.696342340484261 0.00422446374360149"
[1] 788
[1] "0.433865115977824 0.368902206971439"
[1] 789
[1] "0.564913387037814 0.000127939800746601"
[1] 790
[1] "0.236511367186904 0"
[1] 791
[1] "0.342129401676357 0.0513159578078316"
[1] 792
[1] "0.246345654316247 0"
[1] 793
[1] "0.955528186820447 0.353221380264163"
[1] 794
[1] "0.47419477943331 0"
[1] 795
[1] "0.614360456541181 0.173582362142569"
[1] 796
[1] "0.700196268223226 0.128279438170293"
[1] 797
[1] "0.389811882935464 0.0139956532051235"
[1] 798
[1] "0.612899131514132 0.0450861001418843"
[1] 799
[1] "0.845233462192118 0.000135433180381032"
[1] 800
[1] "0.478611787594855 0.00357041567793943"
[1] 801
[1] "0.886949962377548 0"
[1] 802
[1] "0.227551008947194 0.124554159164461"
[1] 803
[1] "0.97679771669209 0"
[1] 804
[1] "0.796088108979166 0.0449966489035021"
[1] 805
[1] "0.41860419344157 0.000786926969899252"
[1] 806
[1] "0.741684881225228 0.0420508347927778"
[1] 807
[1] "0.478357974439859 0.16886662406396"
[1] 808
[1] "0.957616417296231 0.0907306353174589"
[1] 809
[1] "0.470899019949138 0.00236766113076997"
[1] 810
[1] "0.225370563194156 0.0400345346712623"
[1] 811
[1] "0.482868638075888 0.000173808467663175"
[1] 812
[1] "0.50969887021929 0.00169887539116966"
[1] 813
[1] "0.485557728074491 0.607385306272107"
[1] 814
[1] "0.967974884808064 0"
[1] 815
[1] "0.506990563869476 0.0923886955660008"
[1] 816
[1] "0.637070096842945 0"
[1] 817
[1] "0.940258780680597 0"
[1] 818
[1] "0.933487621694803 0.00179139142118737"
[1] 819
[1] "0.394186394289136 0.129888087063659"
[1] 820
[1] "0.773672671057284 0.0014869802571692"
[1] 821
[1] "0.479156828671694 0.162625082089277"
[1] 822
[1] "0.64342668056488 0"
[1] 823
[1] "0.79437793046236 0.0207355053459563"
[1] 824
[1] "0.855758654884994 0"
[1] 825
[1] "0.895725812017918 0.00587597551416935"
[1] 826
[1] "0.228692107461393 0.0197925946557289"
[1] 827
[1] "0.376019522733986 0.00660239902994398"
[1] 828
[1] "0.4935785677284 0.000972582954786486"
[1] 829
[1] "0.444557153619826 0.217057485485266"
[1] 830
[1] "0.782264366000891 0.000389253717112255"
[1] 831
[1] "0.759783012978733 0"
[1] 832
[1] "0.928048741444945 0"
[1] 833
[1] "0.876482087746263 0.0393235470834019"
[1] 834
[1] "0.822835712134838 0.75891937913489"
[1] 835
[1] "0.52067474257201 0"
[1] 836
[1] "0.661443727090955 0"
[1] 837
[1] "0.261087556928396 0.116272715591241"
[1] 838
[1] "0.898379880562425 0.0205694821270001"
[1] 839
[1] "0.965028588473797 0"
[1] 840
[1] "0.604424863867462 0.0640796762795229"
[1] 841
[1] "0.939493091031909 0.407415866883797"
[1] 842
[1] "0.307610826194286 0"
[1] 843
[1] "0.390989602543414 0"
[1] 844
[1] "0.591970097646117 0.00211860546161295"
[1] 845
[1] "0.57924807742238 0"
[1] 846
[1] "0.547995327226818 0.0810982332107397"
[1] 847
[1] "0.231399168074131 0.253257895611142"
[1] 848
[1] "0.715464812144637 0.000205178183350305"
[1] 849
[1] "0.772453760169447 0.366685210413842"
[1] 850
[1] "0.481333377026022 0"
[1] 851
[1] "0.957245399057865 0"
[1] 852
[1] "0.79448520578444 0.0345040546725252"
[1] 853
[1] "0.240628736279905 0.149188780016182"
[1] 854
[1] "0.984291824698448 0.00786276344930907"
[1] 855
[1] "0.374257962033153 0.0519606257597529"
[1] 856
[1] "0.228956801630557 0.196495994413885"
[1] 857
[1] "0.40856309235096 0.0793744486673662"
[1] 858
[1] "0.776332628726959 0.103943640310715"
[1] 859
[1] "0.398315344937146 0.026018480917588"
[1] 860
[1] "0.387932633236051 0"
[1] 861
[1] "0.216809474304318 0.109598394564542"
[1] 862
[1] "0.411696502193809 0"
[1] 863
[1] "0.753441295586526 0.0256712229711788"
[1] 864
[1] "0.227735512889922 0.0562356275345847"
[1] 865
[1] "0.250228903628886 0.0936963695976266"
[1] 866
[1] "0.518164873495698 0.00173824603226241"
[1] 867
[1] "0.592022739909589 0"
[1] 868
[1] "0.704838998056948 0.000679115047322807"
[1] 869
[1] "0.77872344981879 0.000348524870752738"
[1] 870
[1] "0.261412633955479 0.00680379672781951"
[1] 871
[1] "0.537156864441931 0.0268834177844526"
[1] 872
[1] "0.97898134868592 9.25713666053005e-05"
[1] 873
[1] "0.85104462672025 0"
[1] 874
[1] "0.379014178365469 0"
[1] 875
[1] "0.591793844662607 0.227729370680333"
[1] 876
[1] "0.209072154387832 0"
[1] 877
[1] "0.406881837546825 0.000496599007141905"
[1] 878
[1] "0.563679017499089 0.0433941133328505"
[1] 879
[1] "0.792781350575388 0.034557670965233"
[1] 880
[1] "0.992528009414673 0.00152818892945858"
[1] 881
[1] "0.465763956867158 0"
[1] 882
[1] "0.955833124369383 0.00520822537708794"
[1] 883
[1] "0.969482735916972 0.0319770818046659"
[1] 884
[1] "0.919421999715269 0.000190549853660191"
[1] 885
[1] "0.594172668084502 0.156456242649351"
[1] 886
[1] "0.827948382310569 0.000182279831759657"
[1] 887
[1] "0.842495237663388 0"
[1] 888
[1] "0.74221409894526 0.000856504608345136"
[1] 889
[1] "0.665022062882781 0.0803135883543825"
[1] 890
[1] "0.464534469880164 0.169661475689435"
[1] 891
[1] "0.201051725260913 0.0759863738471856"
[1] 892
[1] "0.252641571313143 0.0281993445375498"
[1] 893
[1] "0.268761533871293 0"
[1] 894
[1] "0.210487773455679 0.0254835598551143"
[1] 895
[1] "0.468596499413252 0"
[1] 896
[1] "0.295411453209817 0.00223822676240971"
[1] 897
[1] "0.674876356311142 0.000196853356990164"
[1] 898
[1] "0.229850140586495 0.0008848909871945"
[1] 899
[1] "0.207657433487475 0.102475175161443"
[1] 900
[1] "0.329276900738478 0.00133935788460209"
[1] 901
[1] "0.865519190579653 0.00347841382492415"
[1] 902
[1] "0.813474203459918 0.0833167069209702"
[1] 903
[1] "0.418224253132939 0"
[1] 904
[1] "0.350530639104545 0.190182037695756"
[1] 905
[1] "0.380609467811883 0"
[1] 906
[1] "0.249576294049621 0"
[1] 907
[1] "0.247920192778111 0"
[1] 908
[1] "0.318524696305394 0.218749419880411"
[1] 909
[1] "0.258390308730304 0.199654700676302"
[1] 910
[1] "0.234308713488281 0.663805022665068"
[1] 911
[1] "0.617969017848373 0.0554661686817499"
[1] 912
[1] "0.831385191529989 0.000615675072177344"
[1] 913
[1] "0.755802678503096 0"
[1] 914
[1] "0.253260837867856 0.00241705499245139"
[1] 915
[1] "0.214366197213531 0"
[1] 916
[1] "0.55372673869133 0"
[1] 917
[1] "0.326081666536629 0.670642300050788"
[1] 918
[1] "0.775088092684746 0.25348390718775"
[1] 919
[1] "0.763153466023505 0.000839822106192563"
[1] 920
[1] "0.90818104390055 0.119912917334972"
[1] 921
[1] "0.460208812169731 0.00318606824905146"
[1] 922
[1] "0.976705253310502 0.002872121529569"
[1] 923
[1] "0.987856213003397 0.0125962746617358"
[1] 924
[1] "0.231347774155438 0.105450783753989"
[1] 925
[1] "0.91485703047365 0"
[1] 926
[1] "0.857919321022928 0.0366624267961659"
[1] 927
[1] "0.779395754262805 0"
[1] 928
[1] "0.431136110238731 0.066404389358496"
[1] 929
[1] "0.601558883674443 0"
[1] 930
[1] "0.542677601054311 0"
[1] 931
[1] "0.688012812845409 0"
[1] 932
[1] "0.940890539251268 0.000549586235718116"
[1] 933
[1] "0.392098606191576 1.06656355829033"
[1] 934
[1] "0.417505467124283 0"
[1] 935
[1] "0.788002917170525 0.0913557143777154"
[1] 936
[1] "0.801236698403955 0.0239846545703234"
[1] 937
[1] "0.944473536685109 0"
[1] 938
[1] "0.570184219814837 0"
[1] 939
[1] "0.888552941381931 0"
[1] 940
[1] "0.449629135616124 0.0296522488839486"
[1] 941
[1] "0.366431210748851 0"
[1] 942
[1] "0.936661973781884 0.000200585686066046"
[1] 943
[1] "0.242189507372677 0.0338780423999296"
[1] 944
[1] "0.528924344852567 1.21765425270295"
[1] 945
[1] "0.565072972141206 0"
[1] 946
[1] "0.532688198052347 0"
[1] 947
[1] "0.736282761394978 0.00252100417316304"
[1] 948
[1] "0.805523264035582 0"
[1] 949
[1] "0.929321051575243 0.666035346727024"
[1] 950
[1] "0.855961668677628 0"
[1] 951
[1] "0.274919882044196 0"
[1] 952
[1] "0.342324865050614 0.0532309501834948"
[1] 953
[1] "0.713771664164961 0"
[1] 954
[1] "0.899426395073533 0.0751804736607887"
[1] 955
[1] "0.673850680328906 0.0114006881378239"
[1] 956
[1] "0.409945753775537 0.22423368889384"
[1] 957
[1] "0.907001811265945 1.66112325035768"
[1] 958
[1] "0.350151477009058 0"
[1] 959
[1] "0.591093585826457 0.0756801656135529"
[1] 960
[1] "0.207856389693916 0"
[1] 961
[1] "0.488347234576941 0.0189616649088353"
[1] 962
[1] "0.553729352727532 0.00875474511714919"
[1] 963
[1] "0.300583377107978 0.00106539569092642"
[1] 964
[1] "0.69949163813144 0"
[1] 965
[1] "0.441945065371692 0"
[1] 966
[1] "0.391709782555699 0"
[1] 967
[1] "0.486903810873628 0.0730986794199112"
[1] 968
[1] "0.914328330010176 0"
[1] 969
[1] "0.992501812055707 0.000935004602200398"
[1] 970
[1] "0.785936957970262 0.127634450249809"
[1] 971
[1] "0.994230470620096 0.0154181763939825"
[1] 972
[1] "0.631831489689648 0"
[1] 973
[1] "0.54704140946269 0.0010964692863983"
[1] 974
[1] "0.971738939359784 0.000445964141573009"
[1] 975
[1] "0.318655714578927 0.000299185141946913"
[1] 976
[1] "0.25319444462657 0.000320783523523609"
[1] 977
[1] "0.219401190429926 0.0409926804589119"
[1] 978
[1] "0.68993859346956 0.209973345132147"
[1] 979
[1] "0.757286998443305 0.000952192749268209"
[1] 980
[1] "0.840913509763777 0.00143361951140614"
[1] 981
[1] "0.310184227116406 0"
[1] 982
[1] "0.327827858179808 0"
[1] 983
[1] "0.99106687437743 0.0139542750303784"
[1] 984
[1] "0.518916556425393 0.0785758455086619"
[1] 985
[1] "0.350329452939332 9.38754614285609e-05"
[1] 986
[1] "0.582182592898607 0.0870728050480272"
[1] 987
[1] "0.635387218184769 0"
[1] 988
[1] "0.462526384554803 0"
[1] 989
[1] "0.999944474920631 0"
[1] 990
[1] "0.622225468792021 0"
[1] 991
[1] "0.306987606547773 0.0198226276332785"
[1] 992
[1] "0.550832054205239 0.0160428279600652"
[1] 993
[1] "0.696635151840746 0"
[1] 994
[1] "0.362329929694533 0.000195530450183431"
[1] 995
[1] "0.307335818186402 0"
[1] 996
[1] "0.821467198431492 0"
[1] 997
[1] "0.708759878948331 0.00624026096127808"
[1] 998
[1] "0.425709037296474 0"
[1] 999
[1] "0.353007564879954 0"
[1] 1000
[1] "0.412429375946522 0"
/var/spool/slurm/d/job1954354/slurm_script: line 8: 1393837 Bus error               (core dumped) Rscript simulation.R
