Loading conda_R/4.3.x
Loading required package: SingleCellExperiment
Loading required package: SummarizedExperiment
Loading required package: MatrixGenerics
Loading required package: matrixStats

Attaching package: ‘MatrixGenerics’

The following objects are masked from ‘package:matrixStats’:

    colAlls, colAnyNAs, colAnys, colAvgsPerRowSet, colCollapse,
    colCounts, colCummaxs, colCummins, colCumprods, colCumsums,
    colDiffs, colIQRDiffs, colIQRs, colLogSumExps, colMadDiffs,
    colMads, colMaxs, colMeans2, colMedians, colMins, colOrderStats,
    colProds, colQuantiles, colRanges, colRanks, colSdDiffs, colSds,
    colSums2, colTabulates, colVarDiffs, colVars, colWeightedMads,
    colWeightedMeans, colWeightedMedians, colWeightedSds,
    colWeightedVars, rowAlls, rowAnyNAs, rowAnys, rowAvgsPerColSet,
    rowCollapse, rowCounts, rowCummaxs, rowCummins, rowCumprods,
    rowCumsums, rowDiffs, rowIQRDiffs, rowIQRs, rowLogSumExps,
    rowMadDiffs, rowMads, rowMaxs, rowMeans2, rowMedians, rowMins,
    rowOrderStats, rowProds, rowQuantiles, rowRanges, rowRanks,
    rowSdDiffs, rowSds, rowSums2, rowTabulates, rowVarDiffs, rowVars,
    rowWeightedMads, rowWeightedMeans, rowWeightedMedians,
    rowWeightedSds, rowWeightedVars

Loading required package: GenomicRanges
Loading required package: stats4
Loading required package: BiocGenerics

Attaching package: ‘BiocGenerics’

The following objects are masked from ‘package:stats’:

    IQR, mad, sd, var, xtabs

The following objects are masked from ‘package:base’:

    anyDuplicated, aperm, append, as.data.frame, basename, cbind,
    colnames, dirname, do.call, duplicated, eval, evalq, Filter, Find,
    get, grep, grepl, intersect, is.unsorted, lapply, Map, mapply,
    match, mget, order, paste, pmax, pmax.int, pmin, pmin.int,
    Position, rank, rbind, Reduce, rownames, sapply, setdiff, sort,
    table, tapply, union, unique, unsplit, which.max, which.min

Loading required package: S4Vectors

Attaching package: ‘S4Vectors’

The following object is masked from ‘package:utils’:

    findMatches

The following objects are masked from ‘package:base’:

    expand.grid, I, unname

Loading required package: IRanges
Loading required package: GenomeInfoDb
Loading required package: Biobase
Welcome to Bioconductor

    Vignettes contain introductory material; view with
    'browseVignettes()'. To cite Bioconductor, see
    'citation("Biobase")', and for packages 'citation("pkgname")'.


Attaching package: ‘Biobase’

The following object is masked from ‘package:MatrixGenerics’:

    rowMedians

The following objects are masked from ‘package:matrixStats’:

    anyMissing, rowMedians

Loading required package: ExperimentHub
Loading required package: AnnotationHub
Loading required package: BiocFileCache
Loading required package: dbplyr

Attaching package: ‘AnnotationHub’

The following object is masked from ‘package:Biobase’:

    cache

see ?STexampleData and browseVignettes('STexampleData') for documentation
loading from cache
[1] 1
[1] "0.41240693051368 0.0115647810909656"
[1] 2
[1] "0.497699119709432 0.00919838371203581"
[1] 3
[1] "0.658282690681517 0"
[1] 4
[1] "0.926566231995821 0"
[1] 5
[1] "0.361345544829965 0"
[1] 6
[1] "0.918711747974157 0.0362825834087489"
[1] 7
[1] "0.955740214884281 0.0225482871131571"
[1] 8
[1] "0.728638233989477 0"
[1] 9
[1] "0.703291235119104 0"
[1] 10
[1] "0.249429016374052 0"
[1] 11
[1] "0.364779659919441 0"
[1] 12
[1] "0.341245402023196 0.0139893624540232"
[1] 13
[1] "0.749618277326226 0.051726223042361"
[1] 14
[1] "0.50728297457099 0.294193545872625"
[1] 15
[1] "0.815873135998845 0.000178202941314"
[1] 16
[1] "0.598159393668175 0"
[1] 17
[1] "0.774094806611538 0"
[1] 18
[1] "0.993524875864387 0"
[1] 19
[1] "0.504028143547475 0.168147469075945"
[1] 20
[1] "0.821956177055836 0"
[1] 21
[1] "0.947764184884727 0.0463729462384656"
[1] 22
[1] "0.369714017026126 0.2321033985056"
[1] 23
[1] "0.721339012868703 0.0466475761194981"
[1] 24
[1] "0.300444076769054 0"
[1] 25
[1] "0.413776534982026 0"
[1] 26
[1] "0.508891274034977 0.00389331667752312"
[1] 27
[1] "0.210712266527116 0.0482776430579794"
[1] 28
[1] "0.505910365656018 0"
[1] 29
[1] "0.895752676576376 0.0504731261713102"
[1] 30
[1] "0.472279197350144 0"
[1] 31
[1] "0.585664092376828 0.02228121069589"
[1] 32
[1] "0.679652660340071 0.000539486149732194"
[1] 33
[1] "0.594833045639098 0.0313761683111928"
[1] 34
[1] "0.348974081128836 0.0502835510625357"
[1] 35
[1] "0.86189865488559 0"
[1] 36
[1] "0.734773390553892 0.0572972771610665"
[1] 37
[1] "0.835391888581216 0.0705472987848881"
[1] 38
[1] "0.286354900710285 0"
[1] 39
[1] "0.778968756832182 0.000510454279128394"
[1] 40
[1] "0.529019543714821 0.108035351240557"
[1] 41
[1] "0.856757035292685 0.0608754168243122"
[1] 42
[1] "0.71764815505594 0.000107711172978662"
[1] 43
[1] "0.826346209831536 0.000960513762556662"
[1] 44
[1] "0.642429049313068 0.249761051480064"
[1] 45
[1] "0.623775664158166 0.00135500843675021"
[1] 46
[1] "0.831484985351563 0"
[1] 47
[1] "0.218664961867034 0.298276562704409"
[1] 48
[1] "0.581784052029252 0.29088583296408"
[1] 49
[1] "0.78585099093616 0.0631870031702895"
[1] 50
[1] "0.754185245186091 0.256609477243527"
[1] 51
[1] "0.582095697708428 0"
[1] 52
[1] "0.88896758146584 0.0160179851128068"
[1] 53
[1] "0.550477685779333 0.0272951146191188"
[1] 54
[1] "0.395837821625173 0.0208588647982406"
[1] 55
[1] "0.25654323771596 0"
[1] 56
[1] "0.279572928138077 0"
[1] 57
[1] "0.4530173657462 0.154861534989064"
[1] 58
[1] "0.614907410554588 0.00465304045191043"
[1] 59
[1] "0.72960406113416 0.0116917980584237"
[1] 60
[1] "0.525464149750769 0.00138019602050725"
[1] 61
[1] "0.930300739407539 0.0373559749193938"
[1] 62
[1] "0.434882698208094 0.0380020203663311"
[1] 63
[1] "0.567252581007779 0.0187202911967663"
[1] 64
[1] "0.465915739350021 0"
[1] 65
[1] "0.720696373656392 0.0876609271106239"
[1] 66
[1] "0.406413424573839 0.000253430542242476"
[1] 67
[1] "0.582836198620498 0.0155134475302398"
[1] 68
[1] "0.813048536516726 0"
[1] 69
[1] "0.267397531494498 0"
[1] 70
[1] "0.900257064029574 0"
[1] 71
[1] "0.471258350275457 0"
[1] 72
[1] "0.871552280150354 0.234463643416795"
[1] 73
[1] "0.477346791327 0.000515543083050014"
[1] 74
[1] "0.467019944638014 0.0343605511862812"
[1] 75
[1] "0.581080996058881 0.0779565680725741"
[1] 76
[1] "0.913758668676019 0"
[1] 77
[1] "0.891471576504409 0.0558184697947359"
[1] 78
[1] "0.511991634778678 0.00134144675786797"
[1] 79
[1] "0.821856559067965 0"
[1] 80
[1] "0.968494397774339 0"
[1] 81
[1] "0.547727587819099 0.392648280428915"
[1] 82
[1] "0.770011742971838 0.102699484566973"
[1] 83
[1] "0.519995495118201 0"
[1] 84
[1] "0.460281721502543 0.118304718351427"
[1] 85
[1] "0.805669718421996 0"
[1] 86
[1] "0.362153804115951 0"
[1] 87
[1] "0.768896977975965 0.0504478276631528"
[1] 88
[1] "0.297353536821902 0"
[1] 89
[1] "0.396390811167657 0.000160594905943981"
[1] 90
[1] "0.314643503539264 0.00254055010782382"
[1] 91
[1] "0.391703532077372 0.105468316992592"
[1] 92
[1] "0.247147501818836 0"
[1] 93
[1] "0.71383060682565 0.288411326991572"
[1] 94
[1] "0.901015370152891 0"
[1] 95
[1] "0.823131741955876 0.0716895165228845"
[1] 96
[1] "0.837847060710192 0.117298183343755"
[1] 97
[1] "0.564219562895596 0.00226146339962093"
[1] 98
[1] "0.528067265637219 0"
[1] 99
[1] "0.848696194216609 0.0407743634686302"
[1] 100
[1] "0.683946632221341 0.134416500797053"
[1] 101
[1] "0.723779142461717 0"
[1] 102
[1] "0.482557817548513 0.0521412920298152"
[1] 103
[1] "0.416208116710186 0"
[1] 104
[1] "0.99414724893868 0.0390778712918169"
[1] 105
[1] "0.706794611550868 0.0226433585432992"
[1] 106
[1] "0.370566508173943 0.0803460678582509"
[1] 107
[1] "0.303497878462076 0.256683567489605"
[1] 108
[1] "0.582494427450001 0"
[1] 109
[1] "0.939259575866163 0"
[1] 110
[1] "0.679008773714304 0"
[1] 111
[1] "0.980936555936933 0"
[1] 112
[1] "0.785434009507298 0.0788285086919052"
[1] 113
[1] "0.485381529666483 0.0633699804366402"
[1] 114
[1] "0.54517895244062 0"
[1] 115
[1] "0.31856924854219 0.00403339646309517"
[1] 116
[1] "0.210462060384452 0.206626246556829"
[1] 117
[1] "0.772452852874994 0.0222944161515431"
[1] 118
[1] "0.282547388598323 0.00196502223687233"
[1] 119
[1] "0.557027478888631 0"
[1] 120
[1] "0.712080836109817 0.0356725771088872"
[1] 121
[1] "0.993470896035433 0.098244873908723"
[1] 122
[1] "0.596474862284958 0"
[1] 123
[1] "0.587479619495571 0.0437185575399997"
[1] 124
[1] "0.338753867894411 0.187437234795452"
[1] 125
[1] "0.80385675560683 0.0850255669444463"
[1] 126
[1] "0.563116391375661 0.00351824581391076"
[1] 127
[1] "0.60893582701683 0.00673536611657592"
[1] 128
[1] "0.366036090627313 0.108519484547256"
[1] 129
[1] "0.382926514185965 0.0124157291830276"
[1] 130
[1] "0.676569597050548 0.0031676983706075"
[1] 131
[1] "0.659897758625448 0.00110946515456809"
[1] 132
[1] "0.261651504226029 0.0960124604444051"
[1] 133
[1] "0.228432463668287 0"
[1] 134
[1] "0.714236393757165 0.0441238449063353"
[1] 135
[1] "0.942892159707844 0.0145080383419577"
[1] 136
[1] "0.678473937883973 0.0538958077900064"
[1] 137
[1] "0.64872059840709 0.000110504071843891"
[1] 138
[1] "0.62082217913121 0.203732008864944"
[1] 139
[1] "0.988076179102063 0.00227714122315304"
[1] 140
[1] "0.606113457866013 0.00532011483648334"
[1] 141
[1] "0.746230462938547 0.0186070016280982"
[1] 142
[1] "0.681232974119484 0"
[1] 143
[1] "0.391094942204654 0"
[1] 144
[1] "0.406532741338015 0.00568514569968657"
[1] 145
[1] "0.783447698689997 0.00118252966585759"
[1] 146
[1] "0.562056665122509 0.00104552368561628"
[1] 147
[1] "0.340101414732635 0.101865626052154"
[1] 148
[1] "0.79735861569643 0"
[1] 149
[1] "0.283990112319589 0.0369280108104644"
[1] 150
[1] "0.891635959222913 0.00215113234618004"
[1] 151
[1] "0.691715977340937 0.000105116231629328"
[1] 152
[1] "0.64572763107717 0"
[1] 153
[1] "0.46302185524255 0.0538768945759133"
[1] 154
[1] "0.562505156360567 0.0238393357260275"
[1] 155
[1] "0.600352778099477 0.163633371148683"
[1] 156
[1] "0.344693088904023 0.0223309865795916"
[1] 157
[1] "0.623704482242465 0"
[1] 158
[1] "0.260220596566796 0.000595763733785504"
[1] 159
[1] "0.422204746119678 0"
[1] 160
[1] "0.370159615390003 0.0184163028281795"
[1] 161
[1] "0.427832384780049 0.0561179827684277"
[1] 162
[1] "0.916075282357633 0"
[1] 163
[1] "0.55698825865984 0.0497754411106293"
[1] 164
[1] "0.823987911827862 0.0216112378746848"
[1] 165
[1] "0.904495227895677 0"
[1] 166
[1] "0.53049936760217 0"
[1] 167
[1] "0.251046784408391 0.000118488616595502"
[1] 168
[1] "0.468389993347228 0.000234084787284683"
[1] 169
[1] "0.778980757296085 0"
[1] 170
[1] "0.470092266798019 0.107336757998893"
[1] 171
[1] "0.704331297986209 0.0366403923387777"
[1] 172
[1] "0.872491643205285 0.00585124661991022"
[1] 173
[1] "0.884905331768095 0"
[1] 174
[1] "0.513087424822152 0.000610093053679705"
[1] 175
[1] "0.504395108483732 0.292747608237654"
[1] 176
[1] "0.916356340795755 0.000918059408620414"
[1] 177
[1] "0.715452610328794 0.10545560670906"
[1] 178
[1] "0.792862918972969 0.175470257082929"
[1] 179
[1] "0.684242757223547 0"
[1] 180
[1] "0.922465289197862 0.00197524898769041"
[1] 181
[1] "0.434984124079347 0.222076482900358"
[1] 182
[1] "0.353008087910712 0.000180662508313939"
[1] 183
[1] "0.909160754643381 0"
[1] 184
[1] "0.602671588584781 0.0769514185371779"
[1] 185
[1] "0.901646034419537 0.1399958262701"
[1] 186
[1] "0.35135489795357 0"
[1] 187
[1] "0.806482441909611 0.0604834251258226"
[1] 188
[1] "0.779599114134908 0.000779704795374461"
[1] 189
[1] "0.954979854635894 0.00172568029035915"
[1] 190
[1] "0.638117269612849 0"
[1] 191
[1] "0.769395094178617 0.000923770504524535"
[1] 192
[1] "0.511124079860747 0"
[1] 193
[1] "0.280698500946164 0.00546296498534582"
[1] 194
[1] "0.941841670870781 0.123770712497936"
[1] 195
[1] "0.42658600024879 0"
[1] 196
[1] "0.672458527050912 0.00339980459127855"
[1] 197
[1] "0.288288483954966 0"
[1] 198
[1] "0.8724056256935 0.0501877818766021"
[1] 199
[1] "0.454370947554708 0.000251078743314073"
[1] 200
[1] "0.826281069591641 0.0588886154362335"
[1] 201
[1] "0.414006565883756 0"
[1] 202
[1] "0.374916227906942 0"
[1] 203
[1] "0.613437469117343 0.000968578219643676"
[1] 204
[1] "0.415160473622382 0"
[1] 205
[1] "0.344934661872685 0.233361269667942"
[1] 206
[1] "0.614860909990966 0"
[1] 207
[1] "0.650226348638535 0"
[1] 208
[1] "0.303325483575463 0.000706329591322203"
[1] 209
[1] "0.405094083212316 0"
[1] 210
[1] "0.774348220787942 0"
[1] 211
[1] "0.969127949140966 0.0105221557251507"
[1] 212
[1] "0.280112677253783 0.00475138629216148"
[1] 213
[1] "0.810578151606023 0"
[1] 214
[1] "0.958373083733022 0.0790777046985368"
[1] 215
[1] "0.854907750710845 0"
[1] 216
[1] "0.446633864566684 0.288800470172357"
[1] 217
[1] "0.719663568399847 0"
[1] 218
[1] "0.962684360891581 0.00135055558312776"
[1] 219
[1] "0.962986120022833 0.0371451169839912"
[1] 220
[1] "0.471983362734318 0.00660253780504217"
[1] 221
[1] "0.409979288093746 0.838172507474911"
[1] 222
[1] "0.332363146543503 8.69389331093777e-05"
[1] 223
[1] "0.457734445296228 0"
[1] 224
[1] "0.608100165240467 0.14243719660795"
[1] 225
[1] "0.939174777083099 0"
[1] 226
[1] "0.60876775868237 0"
[1] 227
[1] "0.406097008660436 0.110544527658318"
[1] 228
[1] "0.237168709561229 0.000855890692201394"
[1] 229
[1] "0.534285006672144 0"
[1] 230
[1] "0.883201201818884 0"
[1] 231
[1] "0.477784542180598 0.000594783885614765"
[1] 232
[1] "0.305153856426477 0"
[1] 233
[1] "0.499589491635561 0.213860345258493"
[1] 234
[1] "0.705136182717979 0.00401464468246727"
[1] 235
[1] "0.512063146941364 0"
[1] 236
[1] "0.751702279038727 0"
[1] 237
[1] "0.751530729979277 0.0942800492377968"
[1] 238
[1] "0.643920498527586 0.0875098068532529"
[1] 239
[1] "0.543699526228011 0"
[1] 240
[1] "0.562176050245762 0"
[1] 241
[1] "0.445154607109725 0.000195347125413668"
[1] 242
[1] "0.662683155201376 0.311186965676111"
[1] 243
[1] "0.928296243399382 0"
[1] 244
[1] "0.314083265699446 0.0120746809071054"
[1] 245
[1] "0.532038100250065 0.0753958820012147"
[1] 246
[1] "0.368740600533783 0.0316476685863903"
[1] 247
[1] "0.54300029668957 0.122743427301664"
[1] 248
[1] "0.306151980161667 0.0557562339927203"
[1] 249
[1] "0.568077156692743 0"
[1] 250
[1] "0.954365647397935 0.101435625859391"
[1] 251
[1] "0.809579089283943 0.000885329576341222"
[1] 252
[1] "0.946327863074839 0.00174458522026386"
[1] 253
[1] "0.576542798057199 0.0720835860524876"
[1] 254
[1] "0.682870454154909 0.000796768418928481"
[1] 255
[1] "0.587991744466126 0.000798547099508468"
[1] 256
[1] "0.287045053206384 0"
[1] 257
[1] "0.398181466385722 0.000115994856180719"
[1] 258
[1] "0.598811624571681 0.45091096841994"
[1] 259
[1] "0.498293366469443 0.00660989524145088"
[1] 260
[1] "0.947753096185625 0"
[1] 261
[1] "0.619188862293959 0.000360705408789044"
[1] 262
[1] "0.453715737350285 0"
[1] 263
[1] "0.4223728235811 0"
[1] 264
[1] "0.830032406188548 0.000116437066582788"
[1] 265
[1] "0.761970010027289 0.00013616275401083"
[1] 266
[1] "0.332022110931575 0"
[1] 267
[1] "0.251566031016409 0.135611399538993"
[1] 268
[1] "0.803764497302473 0"
[1] 269
[1] "0.696328026428819 0"
[1] 270
[1] "0.33566141333431 0.123098154296279"
[1] 271
[1] "0.2497712418437 0.0529791244553049"
[1] 272
[1] "0.287223414890468 0"
[1] 273
[1] "0.505373081378639 0.350176681718179"
[1] 274
[1] "0.335448731668293 0.136541609759323"
[1] 275
[1] "0.438922033645213 0"
[1] 276
[1] "0.353767628036439 0"
[1] 277
[1] "0.405736017040908 0.277436623820506"
[1] 278
[1] "0.344985458254814 1.69520478130202"
[1] 279
[1] "0.581850967742503 0.0383027661349923"
[1] 280
[1] "0.816589634306729 0.000605998064542278"
[1] 281
[1] "0.222229697927833 0.143302404292858"
[1] 282
[1] "0.621848621591926 0.00193863431475704"
[1] 283
[1] "0.904255255125463 0.18351593663473"
[1] 284
[1] "0.49845069758594 0.0346647887950303"
[1] 285
[1] "0.238367305323482 0.157599059906484"
[1] 286
[1] "0.310902597382665 0"
[1] 287
[1] "0.457193696312606 0"
[1] 288
[1] "0.323865289054811 0.000169704054722114"
[1] 289
[1] "0.305782537721097 0.00598498293543134"
[1] 290
[1] "0.377044742181897 0"
[1] 291
[1] "0.38110463693738 0.0263589928397918"
[1] 292
[1] "0.305133227072656 0"
[1] 293
[1] "0.985250768251717 0.00549757791163316"
[1] 294
[1] "0.461610981449485 0.165324291145175"
[1] 295
[1] "0.60555159766227 0.226605549816482"
[1] 296
[1] "0.745154011808336 0.00790981070343375"
[1] 297
[1] "0.279335282556713 0.188063951138175"
[1] 298
[1] "0.295122046582401 0"
[1] 299
[1] "0.240351727604866 0"
[1] 300
[1] "0.943403135798872 0.00445188654238932"
[1] 301
[1] "0.738969786278904 0"
[1] 302
[1] "0.275886284373701 0.110784194701778"
[1] 303
[1] "0.594076896645129 0.051937598971655"
[1] 304
[1] "0.569241472519934 0"
[1] 305
[1] "0.500173224695027 0.00528437703842754"
[1] 306
[1] "0.992879375629127 0.401626518573272"
[1] 307
[1] "0.341080570966005 0"
[1] 308
[1] "0.850748166814447 0.0164460631262693"
[1] 309
[1] "0.254757309705019 0.00657190175296573"
[1] 310
[1] "0.520359797403216 0"
[1] 311
[1] "0.312915460579097 0.121422450523369"
[1] 312
[1] "0.354647889919579 0"
[1] 313
[1] "0.873081373423338 0"
[1] 314
[1] "0.775931190699339 0.0072595609519541"
[1] 315
[1] "0.413769666478038 0.621183374639234"
[1] 316
[1] "0.59600131586194 0"
[1] 317
[1] "0.266491118259728 0"
[1] 318
[1] "0.48310739248991 0.0934770982565348"
[1] 319
[1] "0.97536704428494 0.0050094383350748"
[1] 320
[1] "0.699771351739764 0"
[1] 321
[1] "0.731694599799812 0"
[1] 322
[1] "0.449991725198925 0.0014136579700754"
[1] 323
[1] "0.52455169018358 0.00422289539150238"
[1] 324
[1] "0.996861897222698 0"
[1] 325
[1] "0.884065885096788 0.000520984854346077"
[1] 326
[1] "0.962838716804981 0"
[1] 327
[1] "0.849844073876739 0"
[1] 328
[1] "0.825745692662895 0.00134908541646043"
[1] 329
[1] "0.41430250313133 0.0342762042321699"
[1] 330
[1] "0.809721223637462 0.000219343622070394"
[1] 331
[1] "0.989049271307886 0.140182156531865"
[1] 332
[1] "0.434884439222515 0.00572279727912976"
[1] 333
[1] "0.519480885565281 0.260115215175421"
[1] 334
[1] "0.849705219082534 0.075098541681843"
[1] 335
[1] "0.261721335351467 0.00377284266928686"
[1] 336
[1] "0.490957447886467 0.00267349498707155"
[1] 337
[1] "0.554073973745108 0"
[1] 338
[1] "0.325371306017041 0"
[1] 339
[1] "0.665764216147363 0.0634298052478843"
[1] 340
[1] "0.976129743084312 0"
[1] 341
[1] "0.991599866747856 0"
[1] 342
[1] "0.341161629185081 0.0146896640659548"
[1] 343
[1] "0.633704339526594 0"
[1] 344
[1] "0.50744311362505 0"
[1] 345
[1] "0.740931240655482 0.145207818656315"
[1] 346
[1] "0.415435023792088 0.169057297044843"
[1] 347
[1] "0.575400753878057 0.000490760854662355"
[1] 348
[1] "0.337440065853298 0.000703896307060113"
[1] 349
[1] "0.495351569913328 0"
[1] 350
[1] "0.780324218049645 0.107723417973627"
[1] 351
[1] "0.58891928344965 0.000133411924461724"
[1] 352
[1] "0.251041973382235 0"
[1] 353
[1] "0.827636983990669 0.665077491975826"
[1] 354
[1] "0.534657308645547 0.054609764450385"
[1] 355
[1] "0.984814467839897 0.052509044486656"
[1] 356
[1] "0.426307164691389 0"
[1] 357
[1] "0.878305719606578 0.00868783248354535"
[1] 358
[1] "0.26579138468951 0.0123511713280374"
[1] 359
[1] "0.909167000465095 0.154143613353979"
[1] 360
[1] "0.577544584684074 0.246196885420306"
[1] 361
[1] "0.287280770763755 0.00924611850313769"
[1] 362
[1] "0.466622387617826 0.0430866437497111"
[1] 363
[1] "0.869933255389333 0.00445041213458481"
[1] 364
[1] "0.421479873359203 0.00209818017275926"
[1] 365
[1] "0.669628113135695 0.00455490059333397"
[1] 366
[1] "0.869385815784335 0"
[1] 367
[1] "0.256923219189048 0"
[1] 368
[1] "0.762222994677722 0"
[1] 369
[1] "0.759059629775584 7.32108645968178e-05"
[1] 370
[1] "0.57116990480572 0.0030052231625157"
[1] 371
[1] "0.549544888362289 0.281953252836848"
[1] 372
[1] "0.649741430208087 0.0690843863427481"
[1] 373
[1] "0.942786581069231 0.338651460860851"
[1] 374
[1] "0.384373131394386 0.00451628492016347"
[1] 375
[1] "0.377451003529131 0.00275073292197734"
[1] 376
[1] "0.53617271464318 0"
[1] 377
[1] "0.46681664455682 8.22283903345186e-05"
[1] 378
[1] "0.891846040263772 0"
[1] 379
[1] "0.341755628585815 0"
[1] 380
[1] "0.59465498290956 0"
[1] 381
[1] "0.543770693428814 0.0414028707332769"
[1] 382
[1] "0.651411074399948 0.00150563553213338"
[1] 383
[1] "0.724929852411151 0.26165625750174"
[1] 384
[1] "0.982843250222504 0"
[1] 385
[1] "0.385728918761015 0.0054917101569939"
[1] 386
[1] "0.392649276927114 0.0295701402825412"
[1] 387
[1] "0.837468867190182 0.00011248814938437"
[1] 388
[1] "0.865337372012436 0.0295729145306552"
[1] 389
[1] "0.290806165151298 0"
[1] 390
[1] "0.970649613067508 0.0052712916601184"
[1] 391
[1] "0.317858319729567 0.00223179714180054"
[1] 392
[1] "0.314901554211974 0.123992562369789"
[1] 393
[1] "0.940183948166669 0.000106941175126873"
[1] 394
[1] "0.605628482066095 0.0109710331746446"
[1] 395
[1] "0.323880813643336 0.218171637730618"
[1] 396
[1] "0.478641641698778 0.0053245705903155"
[1] 397
[1] "0.727856820635498 0.000225207432102211"
[1] 398
[1] "0.449417899549007 0"
[1] 399
[1] "0.481258727423847 0"
[1] 400
[1] "0.318276565521955 0"
[1] 401
[1] "0.727102087251842 0"
[1] 402
[1] "0.348055971600115 0"
[1] 403
[1] "0.963502509519458 0.00564360149581002"
[1] 404
[1] "0.918278793618083 0"
[1] 405
[1] "0.954957643523812 0"
[1] 406
[1] "0.778952600993216 0.112720577632485"
[1] 407
[1] "0.49628565274179 0.00401439083032704"
[1] 408
[1] "0.824814032204449 0"
[1] 409
[1] "0.208919606916606 0.0746914879179493"
[1] 410
[1] "0.952246969752014 0.297464612266581"
[1] 411
[1] "0.994999380968511 0.0910406933889381"
[1] 412
[1] "0.4859245961532 0"
[1] 413
[1] "0.798108050785959 0"
[1] 414
[1] "0.834327219054103 0"
[1] 415
[1] "0.76468720510602 0"
[1] 416
[1] "0.580660030990839 0.00539272202373814"
[1] 417
[1] "0.595723620802164 0"
[1] 418
[1] "0.446441959030926 0.26234663603835"
[1] 419
[1] "0.756009797006846 0"
[1] 420
[1] "0.858234644494951 0"
[1] 421
[1] "0.547774112597108 0"
[1] 422
[1] "0.611786122247577 0"
[1] 423
[1] "0.730408774130046 0.013118904510132"
[1] 424
[1] "0.314533269219101 0"
[1] 425
[1] "0.475589914992452 0"
[1] 426
[1] "0.524610865861177 0.0183776027063521"
[1] 427
[1] "0.268248804658651 0"
[1] 428
[1] "0.946057542599738 0"
[1] 429
[1] "0.870707253366709 0.034766692620472"
[1] 430
[1] "0.903546636924148 0.00078128156467249"
[1] 431
[1] "0.948569974116981 0.00653250934551573"
[1] 432
[1] "0.257968506775796 0"
[1] 433
[1] "0.503007552400231 0.00401284526439918"
[1] 434
[1] "0.630291938222945 0.0469035668673265"
[1] 435
[1] "0.2840401109308 0.0301960352730986"
[1] 436
[1] "0.841350164450705 0"
[1] 437
[1] "0.791713396646082 0.0554823744460737"
[1] 438
[1] "0.241719210706651 0.00668044181056725"
[1] 439
[1] "0.585735658556223 0.00182222102587881"
[1] 440
[1] "0.936414272524416 0.0164565541528538"
[1] 441
[1] "0.23322274312377 0.0135248465249494"
[1] 442
[1] "0.435193439200521 0.0739348150881149"
[1] 443
[1] "0.600680389814079 0.221445952613539"
[1] 444
[1] "0.687799148075283 0.00234257967299891"
[1] 445
[1] "0.411399239674211 0"
[1] 446
[1] "0.53847888763994 0.00518791391255482"
[1] 447
[1] "0.493250893056393 0.0625916328101098"
[1] 448
[1] "0.954004257917404 0.0121776579416635"
[1] 449
[1] "0.298978852108121 0.000397486229587399"
[1] 450
[1] "0.256026143394411 0"
[1] 451
[1] "0.971453630365431 0.00454841969178596"
[1] 452
[1] "0.554008086584508 0"
[1] 453
[1] "0.496217904239893 0.0020459569262112"
[1] 454
[1] "0.336194864101708 0"
[1] 455
[1] "0.243352343514562 0"
[1] 456
[1] "0.726262455433607 0.000639541513428253"
[1] 457
[1] "0.662529533356428 0.0682375369763092"
[1] 458
[1] "0.989681411162019 0.00102924174346031"
[1] 459
[1] "0.683033921197057 0"
[1] 460
[1] "0.25195993501693 0.0746988215508659"
[1] 461
[1] "0.329687265492976 0.0047018259850034"
[1] 462
[1] "0.580318336375058 0.0899551044059621"
[1] 463
[1] "0.201546267792583 0"
[1] 464
[1] "0.553167314454913 0.184016493982487"
[1] 465
[1] "0.408743789792061 0.000348098588252621"
[1] 466
[1] "0.950730996392667 0.112208058493805"
[1] 467
[1] "0.772666626982391 0"
[1] 468
[1] "0.330468382686377 0"
[1] 469
[1] "0.580950414761901 0"
[1] 470
[1] "0.752205378375947 0"
[1] 471
[1] "0.568716143630445 0.237528349171084"
[1] 472
[1] "0.964117390662432 0.0108323625316161"
[1] 473
[1] "0.770032097958028 0.0437845411389615"
[1] 474
[1] "0.517718346603215 0"
[1] 475
[1] "0.294176489673555 0.131307121832457"
[1] 476
[1] "0.392093018442392 0.233949334887202"
[1] 477
[1] "0.890904453210533 0.0135208203595176"
[1] 478
[1] "0.548781121335924 0.0787868308298799"
[1] 479
[1] "0.598294441588223 0.0482361348289778"
[1] 480
[1] "0.75354213770479 0.0532773676689332"
[1] 481
[1] "0.808250625431538 0.00355577063590509"
[1] 482
[1] "0.324320978112519 0"
[1] 483
[1] "0.879565674439073 0.694590134541195"
[1] 484
[1] "0.957454255223274 0"
[1] 485
[1] "0.670735352300108 0.0179159938861474"
[1] 486
[1] "0.601800652220845 0.235105166999432"
[1] 487
[1] "0.351823934167624 0.0324234200471134"
[1] 488
[1] "0.201469486579299 0.113086276339327"
[1] 489
[1] "0.902062449790537 0.107416539594875"
[1] 490
[1] "0.307289070263505 0.000609537253589638"
[1] 491
[1] "0.218192979320884 0.00207112077303155"
[1] 492
[1] "0.951309364847839 0.0452052173089323"
[1] 493
[1] "0.434358978271484 0.0621218714665869"
[1] 494
[1] "0.331461259536445 0"
[1] 495
[1] "0.519282044656575 0.19083118572264"
[1] 496
[1] "0.567660329677165 0.172817835931939"
[1] 497
[1] "0.547224678844214 0"
[1] 498
[1] "0.613607861101627 0.0625016006888557"
[1] 499
[1] "0.876996602118015 0.00677834564367981"
[1] 500
[1] "0.244131429120898 0"
[1] 501
[1] "0.643341648951173 0.00422446374360149"
[1] 502
[1] "0.750620190054178 0.353221380264163"
[1] 503
[1] "0.726446042954922 0.173582362142569"
[1] 504
[1] "0.730674180202186 0.0139956532051235"
[1] 505
[1] "0.577787362039089 0.000135433180381032"
[1] 506
[1] "0.975622532889247 0"
[1] 507
[1] "0.521757650189102 0.000786926969899252"
[1] 508
[1] "0.879641683027148 0.16886662406396"
[1] 509
[1] "0.80531592592597 0.000173808467663175"
[1] 510
[1] "0.626080975495279 0.607385306272107"
[1] 511
[1] "0.899319728650153 0.00128742629840834"
[1] 512
[1] "0.573692092485726 0"
[1] 513
[1] "0.206502764299512 0.129888087063659"
[1] 514
[1] "0.782213603705168 0.0207355053459563"
[1] 515
[1] "0.773271583020687 0.217057485485266"
[1] 516
[1] "0.349941096827388 0"
[1] 517
[1] "0.716853821463883 0"
[1] 518
[1] "0.633583423867822 0.116272715591241"
[1] 519
[1] "0.468256607837975 0"
[1] 520
[1] "0.710326978564262 0"
[1] 521
[1] "0.863360851071775 0.253257895611142"
[1] 522
[1] "0.767180158756673 0.109598394564542"
[1] 523
[1] "0.47884028069675 0.0256712229711788"
[1] 524
[1] "0.302662299945951 0.000348524870752738"
[1] 525
[1] "0.510462791100144 0.000496599007141905"
[1] 526
[1] "0.942542038671672 0.034557670965233"
[1] 527
[1] "0.843512617051601 0.0319770818046659"
[1] 528
[1] "0.806957445666194 0.156456242649351"
[1] 529
[1] "0.965799911133945 0.0759863738471856"
[1] 530
[1] "0.995131102949381 0"
[1] 531
[1] "0.685152795724571 0"
[1] 532
[1] "0.223501732386649 0.102475175161443"
[1] 533
[1] "0.469156286306679 0.00347841382492415"
[1] 534
[1] "0.422126469388604 0"
[1] 535
[1] "0.293758040107787 0"
[1] 536
[1] "0.234574607200921 0.199654700676302"
[1] 537
[1] "0.496247828565538 0"
[1] 538
[1] "0.469502647034824 0"
[1] 539
[1] "0.338922042772174 0.000839822106192563"
[1] 540
[1] "0.69741862360388 0"
[1] 541
[1] "0.518274901993573 1.06656355829033"
[1] 542
[1] "0.964540614932776 0.0913557143777154"
[1] 543
[1] "0.722679554484785 0"
[1] 544
[1] "0.462994973361492 0.0338780423999296"
[1] 545
[1] "0.357717370800674 0"
[1] 546
[1] "0.292273859865963 0.666035346727024"
[1] 547
[1] "0.996772382967174 0"
[1] 548
[1] "0.503421380184591 0"
[1] 549
[1] "0.649590474180877 1.66112325035768"
[1] 550
[1] "0.786174414120615 0.0189616649088353"
[1] 551
[1] "0.896644442342222 0"
[1] 552
[1] "0.657736207731068 0.000445964141573009"
[1] 553
[1] "0.208828856796026 0.209973345132147"
[1] 554
[1] "0.92505220901221 0"
[1] 555
[1] "0.816522905230522 0"
[1] 556
[1] "0.506003698706627 0"
[1] 557
[1] "0.275236711092293 0"
[1] 558
[1] "0.239722867123783 0.000349987728534695"
[1] 559
[1] "0.856929854489863 0.0722237432443319"
[1] 560
[1] "0.863459443487227 0.00565940924765571"
[1] 561
[1] "0.723786300607026 0"
[1] 562
[1] "0.306262250430882 0"
[1] 563
[1] "0.473447920940816 0"
[1] 564
[1] "0.785097263194621 0"
[1] 565
[1] "0.925833132863045 0.151842503441217"
[1] 566
[1] "0.756957599520683 0"
[1] 567
[1] "0.393263377808034 0.00460458201541413"
[1] 568
[1] "0.715285782888532 0"
[1] 569
[1] "0.42460017092526 0.532885255140305"
[1] 570
[1] "0.966109216585755 6.51488873031218e-05"
[1] 571
[1] "0.326716765388846 0.00112108216152989"
[1] 572
[1] "0.534671193361282 0.0855746988355501"
[1] 573
[1] "0.401607837900519 0.00214022170257189"
[1] 574
[1] "0.275512214191258 0.468519710631938"
[1] 575
[1] "0.862174215726554 0.167988454047747"
[1] 576
[1] "0.620244402997196 0.016869400739028"
[1] 577
[1] "0.734198101982474 0.000246195424812009"
[1] 578
[1] "0.526622207835317 0"
[1] 579
[1] "0.874071922712028 0"
[1] 580
[1] "0.789844374358654 0"
[1] 581
[1] "0.47857952080667 0"
[1] 582
[1] "0.959150541946292 0"
[1] 583
[1] "0.717343351989985 0.0206588341567075"
[1] 584
[1] "0.228222213499248 0"
[1] 585
[1] "0.677158764563501 0.0754627268787444"
[1] 586
[1] "0.532254401221871 0"
[1] 587
[1] "0.261517630517483 0"
[1] 588
[1] "0.622439103387296 0.0213783349258895"
[1] 589
[1] "0.969866646826267 0.000546468114959489"
[1] 590
[1] "0.766992040909827 0"
[1] 591
[1] "0.642780562862754 0"
[1] 592
[1] "0.394365287199616 0"
[1] 593
[1] "0.822434023208916 1.23878492125815"
[1] 594
[1] "0.721552754752338 0"
[1] 595
[1] "0.864196563139558 0.00252206442301569"
[1] 596
[1] "0.71884075794369 0.00338036935536124"
[1] 597
[1] "0.583868635445833 0"
[1] 598
[1] "0.596051284484565 0"
[1] 599
[1] "0.503898073174059 0.000181885183671768"
[1] 600
[1] "0.560388349741697 0"
[1] 601
[1] "0.851401400379837 0.0364695088645513"
[1] 602
[1] "0.943021780624986 8.84709213731076e-05"
[1] 603
[1] "0.317984836176038 0.0198496560218743"
[1] 604
[1] "0.799857331998646 0"
[1] 605
[1] "0.980525879748166 0.171798239044127"
[1] 606
[1] "0.97983397077769 0.0896858259083311"
[1] 607
[1] "0.480500456131995 0"
[1] 608
[1] "0.515159245580435 0.0124983133019628"
[1] 609
[1] "0.96076080724597 0.845840979827057"
[1] 610
[1] "0.285318655706942 0.128320444747885"
[1] 611
[1] "0.947808093205094 0"
[1] 612
[1] "0.476929679885507 0.134952412633174"
[1] 613
[1] "0.626448484696448 0"
[1] 614
[1] "0.631035439483821 0"
[1] 615
[1] "0.771774359792471 0"
[1] 616
[1] "0.524632400088012 0"
[1] 617
[1] "0.32223051302135 0"
[1] 618
[1] "0.472186209075153 0.000549086450604272"
[1] 619
[1] "0.701323878020048 0.159352080306704"
[1] 620
[1] "0.245898142643273 0.233097870450841"
[1] 621
[1] "0.881334111839533 0.498303091559661"
[1] 622
[1] "0.370116276666522 0.000108044576935482"
[1] 623
[1] "0.631569622270763 0"
[1] 624
[1] "0.309190068952739 0"
[1] 625
[1] "0.459892112389207 0.0512098227252162"
[1] 626
[1] "0.696861035004258 0.255111318703448"
[1] 627
[1] "0.404785798862576 0"
[1] 628
[1] "0.70790063906461 0"
[1] 629
[1] "0.588537685573101 0.0876874833618652"
[1] 630
[1] "0.950541533343494 0"
[1] 631
[1] "0.886001229658723 0"
[1] 632
[1] "0.496706830151379 0.0090148970206168"
[1] 633
[1] "0.451361463963985 0.00148604526328118"
[1] 634
[1] "0.862827487848699 0.134172602210903"
[1] 635
[1] "0.561473210528493 0"
[1] 636
[1] "0.452702729776502 0"
[1] 637
[1] "0.278246830031276 0.439636183506373"
[1] 638
[1] "0.251920429244637 0.0499430355426037"
[1] 639
[1] "0.751565893180668 0.0518484577353769"
[1] 640
[1] "0.734440483152866 1.71706704162654"
[1] 641
[1] "0.923637318238616 0.115344804152102"
[1] 642
[1] "0.441354616358876 0"
[1] 643
[1] "0.946246963739395 0.0066739313778087"
[1] 644
[1] "0.361586413905025 0"
[1] 645
[1] "0.833903004787862 0.11413513698716"
[1] 646
[1] "0.379704407043755 0"
[1] 647
[1] "0.22460525687784 0"
[1] 648
[1] "0.889627232961357 0"
[1] 649
[1] "0.748086004145443 0"
[1] 650
[1] "0.953659927658737 0"
[1] 651
[1] "0.740683008357883 0"
[1] 652
[1] "0.874496118724346 0"
[1] 653
[1] "0.489515347965062 0.0195158369503793"
[1] 654
[1] "0.513892708159983 0.0320529017352916"
[1] 655
[1] "0.654149918071926 0.110697656602403"
[1] 656
[1] "0.27612170688808 0.0518286147170115"
[1] 657
[1] "0.355027257278562 0"
[1] 658
[1] "0.670453114435077 0.309683973030516"
[1] 659
[1] "0.801203334517777 0.00166892921215231"
[1] 660
[1] "0.893791029788554 0.000564181128442884"
[1] 661
[1] "0.497436589747667 0.169763441109134"
[1] 662
[1] "0.839051639661193 0.0293729780296897"
[1] 663
[1] "0.246651514060795 0.0466313021305266"
[1] 664
[1] "0.698748567514122 0.0327291382631672"
[1] 665
[1] "0.48531312532723 0"
[1] 666
[1] "0.670342345908284 0"
[1] 667
[1] "0.931027713604272 0"
[1] 668
[1] "0.359553746320307 0.000279788343777269"
[1] 669
[1] "0.495266899093986 0"
[1] 670
[1] "0.73712666220963 0.0267162061276624"
[1] 671
[1] "0.814515640586615 0.00267596594120578"
[1] 672
[1] "0.617798620834947 0.0210124575251439"
[1] 673
[1] "0.862460014410317 0"
[1] 674
[1] "0.621676955744624 0.274712183926066"
[1] 675
[1] "0.601403860002756 0.00598813950984269"
[1] 676
[1] "0.53597865588963 0.00168428704325854"
[1] 677
[1] "0.489838626608253 0.0144594917479366"
[1] 678
[1] "0.298743128217757 0.00607164472875266"
[1] 679
[1] "0.438529223576188 0.00650781656936784"
[1] 680
[1] "0.421341191790998 0"
[1] 681
[1] "0.816180284507573 0"
[1] 682
[1] "0.822545041702688 0.289582385647709"
[1] 683
[1] "0.315029824525118 0"
[1] 684
[1] "0.612420920468867 0.000442018593153679"
[1] 685
[1] "0.677792388387024 9.3551974651127e-05"
[1] 686
[1] "0.604674419201911 0.000473533166510216"
[1] 687
[1] "0.508879706449807 0.0156453389612788"
[1] 688
[1] "0.540878480672836 0.222665081638558"
[1] 689
[1] "0.209407787770033 0"
[1] 690
[1] "0.935465416312218 0.00548495274413153"
[1] 691
[1] "0.263551754504442 0"
[1] 692
[1] "0.605899403803051 0.000302633905381355"
[1] 693
[1] "0.856137293577194 0.506468925440316"
[1] 694
[1] "0.67871633451432 0"
[1] 695
[1] "0.539322820864618 0.00095275016144562"
[1] 696
[1] "0.647448216564953 0"
[1] 697
[1] "0.831275577656925 0.230697515969367"
[1] 698
[1] "0.334172206372023 0"
[1] 699
[1] "0.976361384056509 0"
[1] 700
[1] "0.578802478685975 0"
[1] 701
[1] "0.943794564716518 0"
[1] 702
[1] "0.920751416310668 0"
[1] 703
[1] "0.800705750286579 0.0102784023777119"
[1] 704
[1] "0.741255017928779 0.0127945159510435"
[1] 705
[1] "0.718410756625235 0.0295032176145387"
[1] 706
[1] "0.258597495779395 0.544537531782563"
[1] 707
[1] "0.538846734724939 0"
[1] 708
[1] "0.624659491330385 0.0751609366519325"
[1] 709
[1] "0.954163809865713 0.0571837048032672"
[1] 710
[1] "0.769779647514224 0.0015339191011958"
[1] 711
[1] "0.779592460393906 0.000273534420616999"
[1] 712
[1] "0.576102894172072 0.101459231146696"
[1] 713
[1] "0.296225804649293 0"
[1] 714
[1] "0.826478136703372 0"
[1] 715
[1] "0.550525917671621 0.116798290997575"
[1] 716
[1] "0.545164783857763 0.00786101883342714"
[1] 717
[1] "0.221998303197324 0"
[1] 718
[1] "0.317249474301934 0.00459068974818709"
[1] 719
[1] "0.538076126389205 0.000286371329546346"
[1] 720
[1] "0.813709739409387 0.038762551979341"
[1] 721
[1] "0.203813156299293 0.000168494771386405"
[1] 722
[1] "0.682876553200185 0.00516442854273781"
[1] 723
[1] "0.924461808428168 0.209754554389779"
[1] 724
[1] "0.765329225547612 0"
[1] 725
[1] "0.4100297274068 0.950314506324068"
[1] 726
[1] "0.880860975570977 0.130000266849032"
[1] 727
[1] "0.466884412057698 0"
[1] 728
[1] "0.662627414055169 0.000175598862477493"
[1] 729
[1] "0.546218504197896 0.0169950866093603"
[1] 730
[1] "0.241276258416474 0.171007147686303"
[1] 731
[1] "0.783842630311847 0.0350126796982565"
[1] 732
[1] "0.638536331430078 0.643262928309422"
[1] 733
[1] "0.800977588444948 0.00523684422357232"
[1] 734
[1] "0.240616931766272 0.0549793435240116"
[1] 735
[1] "0.771972969919443 0.427983917813365"
[1] 736
[1] "0.438155565410852 0.0166303102604415"
[1] 737
[1] "0.426781767793 0.0756801656135529"
[1] 738
[1] "0.863901701942086 0"
[1] 739
[1] "0.269116300158203 0.00011248814938437"
[1] 740
[1] "0.234125695191324 0"
[1] 741
[1] "0.478992647118866 0.0582377252251436"
[1] 742
[1] "0.633868808113039 0.13625244589732"
[1] 743
[1] "0.687568690814078 0.00108546881706452"
[1] 744
[1] "0.417097678780556 0.00290774114369928"
[1] 745
[1] "0.364184745587409 0.0188649000099167"
[1] 746
[1] "0.505305718630552 0.117654887559331"
[1] 747
[1] "0.578046492300928 0.142685074451562"
[1] 748
[1] "0.868414359912276 0"
[1] 749
[1] "0.297177197039127 0"
[1] 750
[1] "0.740646499954164 0.0055240915024628"
[1] 751
[1] "0.597348175942898 0.0516406806907089"
[1] 752
[1] "0.921790198236704 0.00614064710295325"
[1] 753
[1] "0.641011173464358 0"
[1] 754
[1] "0.302851741202176 0"
[1] 755
[1] "0.55360782854259 0.0139542750303784"
[1] 756
[1] "0.353838157095015 0"
[1] 757
[1] "0.547920497693121 0.0019744846506935"
[1] 758
[1] "0.380106722377241 0.0730919398570115"
[1] 759
[1] "0.968877025693655 0.000496774913094131"
[1] 760
[1] "0.55874197203666 0.0121555923227086"
[1] 761
[1] "0.821715988218784 0.0768920846361954"
[1] 762
[1] "0.326575819589198 0.369588579461367"
[1] 763
[1] "0.893446866050363 0.00687745476090352"
[1] 764
[1] "0.364916484616697 0.0346891683324296"
[1] 765
[1] "0.342359746433795 0"
[1] 766
[1] "0.331912917084992 0.00108414895395512"
[1] 767
[1] "0.652215181849897 0"
[1] 768
[1] "0.7817448168993 0.00156519360897691"
[1] 769
[1] "0.900735191255808 0.00294698066401297"
[1] 770
[1] "0.76673950701952 0.349104947901539"
[1] 771
[1] "0.581970568746328 0.000501008270387513"
[1] 772
[1] "0.856223994866014 0"
[1] 773
[1] "0.213289768621326 0.230586613401891"
[1] 774
[1] "0.996888880990446 0"
[1] 775
[1] "0.707915868610144 0"
[1] 776
[1] "0.542780304700136 0.00941307847905887"
[1] 777
[1] "0.222714346274734 0.00986657656846591"
[1] 778
[1] "0.802666160464287 0.288561300484389"
[1] 779
[1] "0.366907180286944 0"
[1] 780
[1] "0.999564324133098 0.0013474718877709"
[1] 781
[1] "0.925799354538322 0.00889148869333964"
[1] 782
[1] "0.769972025416791 0"
[1] 783
[1] "0.784746307134628 0"
[1] 784
[1] "0.57799033690244 0.575069591301022"
[1] 785
[1] "0.890008549578488 0.0100717255183458"
[1] 786
[1] "0.332332097925246 0"
[1] 787
[1] "0.696342340484262 0.000167493743691453"
[1] 788
[1] "0.433865115977824 0.0237559829771043"
[1] 789
[1] "0.564913387037814 0"
[1] 790
[1] "0.236511367186904 0.00143004566200697"
[1] 791
[1] "0.342129401676357 0.000525532347440713"
[1] 792
[1] "0.246345654316247 0.126161188943235"
[1] 793
[1] "0.955528186820447 0.315149764801218"
[1] 794
[1] "0.47419477943331 0"
[1] 795
[1] "0.614360456541181 0"
[1] 796
[1] "0.700196268223226 0.0018676634821641"
[1] 797
[1] "0.389811882935464 0.1614442321449"
[1] 798
[1] "0.612899131514132 1.60338281272486"
[1] 799
[1] "0.845233462192118 0"
[1] 800
[1] "0.478611787594855 0.0337808362578566"
[1] 801
[1] "0.886949962377548 0.00577125531563026"
[1] 802
[1] "0.227551008947194 0.11103924088975"
[1] 803
[1] "0.97679771669209 1.53949107755369"
[1] 804
[1] "0.796088108979166 0.00110515206854736"
[1] 805
[1] "0.41860419344157 0.0426375167917881"
[1] 806
[1] "0.741684881225228 0"
[1] 807
[1] "0.478357974439859 0.000616306266568022"
[1] 808
[1] "0.957616417296231 0"
[1] 809
[1] "0.470899019949138 0"
[1] 810
[1] "0.225370563194156 1.79521039086639"
[1] 811
[1] "0.482868638075888 0"
[1] 812
[1] "0.50969887021929 0.0006320751848933"
[1] 813
[1] "0.485557728074491 0"
[1] 814
[1] "0.967974884808064 0"
[1] 815
[1] "0.506990563869476 0.00345080704022721"
[1] 816
[1] "0.637070096842945 0.105653936138286"
[1] 817
[1] "0.940258780680597 0.00024174308791946"
[1] 818
[1] "0.933487621694803 0"
[1] 819
[1] "0.394186394289136 0.0107082997347756"
[1] 820
[1] "0.773672671057284 0"
[1] 821
[1] "0.479156828671694 0"
[1] 822
[1] "0.64342668056488 0.00478685653049203"
[1] 823
[1] "0.79437793046236 0"
[1] 824
[1] "0.855758654884994 0"
[1] 825
[1] "0.895725812017918 0.00374654831314344"
[1] 826
[1] "0.228692107461393 0.00383144021663198"
[1] 827
[1] "0.376019522733986 0.493945350204946"
[1] 828
[1] "0.4935785677284 0"
[1] 829
[1] "0.444557153619826 0.246452384244973"
[1] 830
[1] "0.782264366000891 0.040636091068325"
[1] 831
[1] "0.759783012978733 0.0324769215030945"
[1] 832
[1] "0.928048741444945 0"
[1] 833
[1] "0.876482087746263 0.0307436283948021"
[1] 834
[1] "0.822835712134838 0.00607955797996498"
[1] 835
[1] "0.52067474257201 0.000330280741220916"
[1] 836
[1] "0.661443727090955 0.0363765637275038"
[1] 837
[1] "0.261087556928396 0"
[1] 838
[1] "0.898379880562425 0.0479721177080916"
[1] 839
[1] "0.965028588473797 0"
[1] 840
[1] "0.604424863867462 0"
[1] 841
[1] "0.939493091031909 0.00291532535644125"
[1] 842
[1] "0.307610826194286 0.0015231042054066"
[1] 843
[1] "0.390989602543414 0.00689580922448628"
[1] 844
[1] "0.591970097646117 0.143732941826678"
[1] 845
[1] "0.57924807742238 0"
[1] 846
[1] "0.547995327226818 0"
[1] 847
[1] "0.231399168074131 0.76615326545652"
[1] 848
[1] "0.715464812144637 0.00241705499245139"
[1] 849
[1] "0.772453760169447 0.000311739582946121"
[1] 850
[1] "0.481333377026022 0.0141241271990392"
[1] 851
[1] "0.957245399057865 0"
[1] 852
[1] "0.79448520578444 0.270356706888281"
[1] 853
[1] "0.240628736279905 0.0060035156176324"
[1] 854
[1] "0.984291824698448 0.00628063130469087"
[1] 855
[1] "0.374257962033153 0.0158557222058971"
[1] 856
[1] "0.228956801630557 0.00849389499009067"
[1] 857
[1] "0.40856309235096 0.0181225499423722"
[1] 858
[1] "0.776332628726959 0"
[1] 859
[1] "0.398315344937146 0.163865543398018"
[1] 860
[1] "0.387932633236051 0"
[1] 861
[1] "0.216809474304318 0.126253546181909"
[1] 862
[1] "0.411696502193809 0"
[1] 863
[1] "0.753441295586526 0.000642451166511036"
[1] 864
[1] "0.227735512889922 0.0046909349545879"
[1] 865
[1] "0.250228903628886 0.044341011097585"
[1] 866
[1] "0.518164873495698 0.076009043791372"
[1] 867
[1] "0.592022739909589 0"
[1] 868
[1] "0.704838998056948 0.113493062062013"
[1] 869
[1] "0.77872344981879 0.00080692968302113"
[1] 870
[1] "0.261412633955479 0.000661166580096323"
[1] 871
[1] "0.537156864441931 0.000770444065111734"
[1] 872
[1] "0.97898134868592 0"
[1] 873
[1] "0.85104462672025 0.0443912909612417"
[1] 874
[1] "0.379014178365469 0.000246807299354767"
[1] 875
[1] "0.591793844662607 0.00411230145281595"
[1] 876
[1] "0.209072154387832 0.000412605716673805"
[1] 877
[1] "0.406881837546825 0.454503911680562"
[1] 878
[1] "0.563679017499089 0.169849616225865"
[1] 879
[1] "0.792781350575388 0.0123940372238399"
[1] 880
[1] "0.992528009414673 0.00467170815494458"
[1] 881
[1] "0.465763956867158 0.303710930061788"
[1] 882
[1] "0.955833124369383 0"
[1] 883
[1] "0.969482735916972 0.0282727284835379"
[1] 884
[1] "0.919421999715269 0.0923526648701031"
[1] 885
[1] "0.594172668084502 0.0527035481905894"
[1] 886
[1] "0.827948382310569 0.0469193588234911"
[1] 887
[1] "0.842495237663388 0.0141931556361118"
[1] 888
[1] "0.74221409894526 0.0436390971698672"
[1] 889
[1] "0.665022062882781 0"
[1] 890
[1] "0.464534469880164 0"
[1] 891
[1] "0.201051725260913 0.00016526571340188"
[1] 892
[1] "0.252641571313143 0.0122483488862183"
[1] 893
[1] "0.268761533871293 0.0562100720661666"
[1] 894
[1] "0.210487773455679 0"
[1] 895
[1] "0.468596499413252 0.0130628576249961"
[1] 896
[1] "0.295411453209817 0.0450959762940303"
[1] 897
[1] "0.674876356311143 0"
[1] 898
[1] "0.229850140586495 0.00508326895108419"
[1] 899
[1] "0.207657433487475 0"
[1] 900
[1] "0.329276900738478 0.318380526871553"
[1] 901
[1] "0.865519190579653 0"
[1] 902
[1] "0.813474203459918 0.109966641493605"
[1] 903
[1] "0.418224253132939 0.0453845704388302"
[1] 904
[1] "0.350530639104545 8.12080927739953e-05"
[1] 905
[1] "0.380609467811883 0"
[1] 906
[1] "0.249576294049621 0.080790626611779"
[1] 907
[1] "0.247920192778111 0.0698093385301952"
[1] 908
[1] "0.318524696305394 0.247171856098957"
[1] 909
[1] "0.258390308730304 0.0130944706591747"
[1] 910
[1] "0.234308713488281 0.00210506983404939"
[1] 911
[1] "0.617969017848373 0.00536519903939186"
[1] 912
[1] "0.831385191529989 0"
[1] 913
[1] "0.755802678503096 0"
[1] 914
[1] "0.253260837867856 0.0483958913508824"
[1] 915
[1] "0.214366197213531 0.00261268046021298"
[1] 916
[1] "0.55372673869133 0.354293497290915"
[1] 917
[1] "0.326081666536629 0"
[1] 918
[1] "0.775088092684746 0.587992343362016"
[1] 919
[1] "0.763153466023505 0.229295385975638"
[1] 920
[1] "0.908181043900549 0.0420713719500291"
[1] 921
[1] "0.460208812169731 0.400773986151758"
[1] 922
[1] "0.976705253310502 0.00291435899357007"
[1] 923
[1] "0.987856213003397 0.728213490364467"
[1] 924
[1] "0.231347774155438 0.606229426244686"
[1] 925
[1] "0.91485703047365 0.000491640851743765"
[1] 926
[1] "0.857919321022928 0"
[1] 927
[1] "0.779395754262805 0.0956474215312193"
[1] 928
[1] "0.431136110238731 0.184104980773822"
[1] 929
[1] "0.601558883674443 0.00399711873504354"
[1] 930
[1] "0.542677601054311 0"
[1] 931
[1] "0.688012812845409 0"
[1] 932
[1] "0.940890539251268 0"
[1] 933
[1] "0.392098606191576 0.333472114035697"
[1] 934
[1] "0.417505467124283 0.00129382821175594"
[1] 935
[1] "0.788002917170525 0.0960306019699586"
[1] 936
[1] "0.801236698403955 0.0303180305503237"
[1] 937
[1] "0.944473536685109 0.078635807167439"
[1] 938
[1] "0.570184219814837 0.327662133232553"
[1] 939
[1] "0.888552941381931 0"
[1] 940
[1] "0.449629135616124 0"
[1] 941
[1] "0.366431210748851 0.00697090838566655"
[1] 942
[1] "0.936661973781884 0"
[1] 943
[1] "0.242189507372677 0"
[1] 944
[1] "0.528924344852567 0.0201548970023832"
[1] 945
[1] "0.565072972141206 0"
[1] 946
[1] "0.532688198052347 1.34682973011988"
[1] 947
[1] "0.736282761394978 0.0106070706192399"
[1] 948
[1] "0.805523264035583 0"
[1] 949
[1] "0.929321051575243 0"
[1] 950
[1] "0.855961668677628 0"
[1] 951
[1] "0.274919882044196 0"
[1] 952
[1] "0.342324865050614 0"
[1] 953
[1] "0.71377166416496 0.0484356281742287"
[1] 954
[1] "0.899426395073533 0.0592443021277248"
[1] 955
[1] "0.673850680328906 0"
[1] 956
[1] "0.409945753775537 0"
[1] 957
[1] "0.907001811265945 0.00566337601852803"
[1] 958
[1] "0.350151477009058 0"
[1] 959
[1] "0.591093585826457 0.00212809901297431"
[1] 960
[1] "0.207856389693916 0.20223792946855"
[1] 961
[1] "0.488347234576941 0.00981526731667451"
[1] 962
[1] "0.553729352727532 0"
[1] 963
[1] "0.300583377107978 0.00034472609174159"
[1] 964
[1] "0.69949163813144 0.0172544758351693"
[1] 965
[1] "0.441945065371692 0.00204218575294967"
[1] 966
[1] "0.391709782555699 0"
[1] 967
[1] "0.486903810873628 0"
[1] 968
[1] "0.914328330010176 0.161681781812861"
[1] 969
[1] "0.992501812055707 0.0190170290047017"
[1] 970
[1] "0.785936957970262 0.140672048460166"
[1] 971
[1] "0.994230470620096 0"
[1] 972
[1] "0.631831489689648 0"
[1] 973
[1] "0.54704140946269 0.0620829744135437"
[1] 974
[1] "0.971738939359784 0.0414675382626355"
[1] 975
[1] "0.318655714578927 0.0865492846012784"
[1] 976
[1] "0.25319444462657 0.00742327416426804"
[1] 977
[1] "0.219401190429926 0.0242528891138812"
[1] 978
[1] "0.68993859346956 0.0404074603905626"
[1] 979
[1] "0.757286998443305 0.417179823742196"
[1] 980
[1] "0.840913509763777 0.0110970463976865"
[1] 981
[1] "0.310184227116406 0"
[1] 982
[1] "0.327827858179808 0.011567738669018"
[1] 983
[1] "0.99106687437743 0"
[1] 984
[1] "0.518916556425393 0"
[1] 985
[1] "0.350329452939332 0.0581306830381148"
[1] 986
[1] "0.582182592898607 0.494789204692175"
[1] 987
[1] "0.635387218184769 0"
[1] 988
[1] "0.462526384554803 0.0962433461911395"
[1] 989
[1] "0.999944474920631 0.0396635416873918"
[1] 990
[1] "0.622225468792021 0"
[1] 991
[1] "0.306987606547773 0.0303050745695987"
[1] 992
[1] "0.550832054205239 0.00903028533693068"
[1] 993
[1] "0.696635151840746 0.0166094765672289"
[1] 994
[1] "0.362329929694533 0.308608275784259"
[1] 995
[1] "0.307335818186402 0"
[1] 996
[1] "0.821467198431492 0.00283289376156794"
[1] 997
[1] "0.708759878948331 0.0251470978837107"
[1] 998
[1] "0.425709037296474 0"
[1] 999
[1] "0.353007564879954 0"
[1] 1000
[1] "0.412429375946522 0.156336542627418"
[1] 1001
[1] "0.624647034332156 0.0470850904869277"
[1] 1002
[1] "0.74788872320205 0.0864876248237312"
[1] 1003
[1] "0.50662671495229 0.255220598369318"
[1] 1004
[1] "0.963990398682654 0.0232799009843444"
[1] 1005
[1] "0.294685264490545 0"
[1] 1006
[1] "0.231280044279993 0.0734460327885537"
[1] 1007
[1] "0.603604026325047 0"
[1] 1008
[1] "0.662786044180393 0.10304018082149"
[1] 1009
[1] "0.871443126350641 0.309643473746761"
[1] 1010
[1] "0.723555980250239 0.000119883884675307"
[1] 1011
[1] "0.955622671917081 0.0555969191291621"
[1] 1012
[1] "0.609326103702188 0.02769919240243"
[1] 1013
[1] "0.267936847358942 0.000263400970199583"
[1] 1014
[1] "0.995816407538951 0.00166836178541831"
[1] 1015
[1] "0.52115529589355 0.156989478105623"
[1] 1016
[1] "0.916517037339509 0.000567515592922299"
[1] 1017
[1] "0.901486729644239 0"
[1] 1018
[1] "0.437187838368118 0.000695155597776083"
[1] 1019
[1] "0.306073527783155 0.000118316488352666"
[1] 1020
[1] "0.412728726118803 0.00676973388563648"
[1] 1021
[1] "0.204582034237683 0"
[1] 1022
[1] "0.855681457184255 0.0319865895718576"
[1] 1023
[1] "0.339729343168438 0.00235811071860018"
[1] 1024
[1] "0.874464441649616 0.000171050482823323"
[1] 1025
[1] "0.333369733393192 0"
[1] 1026
[1] "0.811215548031032 0.0199604137040104"
[1] 1027
[1] "0.615150469914079 0.529435866458194"
[1] 1028
[1] "0.418148242682219 0"
[1] 1029
[1] "0.474562508612871 0.00144291695640503"
[1] 1030
[1] "0.764060272090137 0.00145161124073951"
[1] 1031
[1] "0.673228240944445 0"
[1] 1032
[1] "0.57550323009491 0"
[1] 1033
[1] "0.469101284444332 0.00106438352313676"
[1] 1034
[1] "0.974269942939281 0.000157185588719766"
[1] 1035
[1] "0.716673506982625 0.00882713380640128"
[1] 1036
[1] "0.357040935382247 0.000177157309816794"
[1] 1037
[1] "0.485744308121502 0.143666676427009"
[1] 1038
[1] "0.61041446570307 0"
[1] 1039
[1] "0.90639739241451 0"
[1] 1040
[1] "0.322134052217007 0.24970023630395"
[1] 1041
[1] "0.384369277954102 0.113048258222629"
[1] 1042
[1] "0.330390862748027 0.0115903652733676"
[1] 1043
[1] "0.691477487236261 0.000851122747710623"
[1] 1044
[1] "0.601309155113995 0"
[1] 1045
[1] "0.350495110452175 0.165255329315846"
[1] 1046
[1] "0.526171882078052 0"
[1] 1047
[1] "0.665910437516868 0"
[1] 1048
[1] "0.447143252007663 0"
[1] 1049
[1] "0.584772512130439 0.181822923154305"
[1] 1050
[1] "0.951515833847225 0"
[1] 1051
[1] "0.236832438595593 0"
[1] 1052
[1] "0.627889383770525 0.0294297941649286"
[1] 1053
[1] "0.554128625802696 0"
[1] 1054
[1] "0.925092375651002 0"
[1] 1055
[1] "0.904833905398846 0.109259509766037"
[1] 1056
[1] "0.330592893064022 0.00509301350997623"
[1] 1057
[1] "0.801752612553537 0.56815176284473"
[1] 1058
[1] "0.522389761731029 0.128698451222019"
[1] 1059
[1] "0.6455621547997 0.039372368288517"
[1] 1060
[1] "0.264135425537825 0.000227356029567836"
[1] 1061
[1] "0.293254873901606 0"
[1] 1062
[1] "0.940154048986733 0.08638431928329"
[1] 1063
[1] "0.90307539254427 0"
[1] 1064
[1] "0.330566101521254 0.00076164822070058"
[1] 1065
[1] "0.625251121073961 0.000225032709652905"
[1] 1066
[1] "0.94383373465389 0.00146243055080452"
[1] 1067
[1] "0.460572795011103 0"
[1] 1068
[1] "0.328635704703629 0.00568170672184397"
[1] 1069
[1] "0.959766334295273 0.0111163569938816"
[1] 1070
[1] "0.569885638915002 0.000348242834183576"
[1] 1071
[1] "0.37661670986563 1.14188291449003"
[1] 1072
[1] "0.201615386083722 0.0866517204210293"
[1] 1073
[1] "0.695354082621634 0"
[1] 1074
[1] "0.522004737704992 0.00590695566252703"
[1] 1075
[1] "0.920026088505983 0"
[1] 1076
[1] "0.604705587588251 0"
[1] 1077
[1] "0.781189664825797 0.393881726207028"
[1] 1078
[1] "0.221989291906357 0.000533378488913531"
[1] 1079
[1] "0.503530570492148 0.0082167716379233"
[1] 1080
[1] "0.509395729750395 0.000651592427744026"
[1] 1081
[1] "0.470256580226123 0.0561575480470735"
[1] 1082
[1] "0.491545481048524 0.0872907810862222"
[1] 1083
[1] "0.711004775762558 0.0379165452903014"
[1] 1084
[1] "0.226331461966038 0"
[1] 1085
[1] "0.756954070739448 0.000709345652368661"
[1] 1086
[1] "0.852451339736581 0"
[1] 1087
[1] "0.60593828279525 0"
[1] 1088
[1] "0.290074100717902 0"
[1] 1089
[1] "0.925058640912175 0"
[1] 1090
[1] "0.53067116253078 0.350936912735719"
[1] 1091
[1] "0.57900463026017 0"
[1] 1092
[1] "0.770971344038844 0.0188503122545977"
[1] 1093
[1] "0.393496968410909 0"
[1] 1094
[1] "0.439712502062321 0"
[1] 1095
[1] "0.763583057187498 0.000648463979789493"
[1] 1096
[1] "0.817339958436787 0.000945229113014601"
[1] 1097
[1] "0.211072272434831 0.134500752582939"
[1] 1098
[1] "0.641051162779331 0.0556572536779578"
[1] 1099
[1] "0.721968952380121 0"
[1] 1100
[1] "0.945328566431999 0.0738893132752978"
[1] 1101
[1] "0.752313364110887 0.0898851152880191"
[1] 1102
[1] "0.403013711236417 0"
[1] 1103
[1] "0.528830696083605 0"
[1] 1104
[1] "0.298312890529633 0.0466551369477351"
[1] 1105
[1] "0.305573244579136 0.0600579581534375"
[1] 1106
[1] "0.712094406597316 0"
[1] 1107
[1] "0.47713874578476 0"
[1] 1108
[1] "0.538205283693969 0"
[1] 1109
[1] "0.951527104340494 0.00276146095798364"
[1] 1110
[1] "0.50711138471961 0"
[1] 1111
[1] "0.382868104800582 0.00321504245125842"
[1] 1112
[1] "0.75222294870764 0.00300783694010567"
[1] 1113
[1] "0.207886333949864 0.000651793349981164"
[1] 1114
[1] "0.74890471547842 9.92119175758008e-05"
[1] 1115
[1] "0.833339676819742 0"
[1] 1116
[1] "0.60599479097873 0.191452670556701"
[1] 1117
[1] "0.446460999175906 0"
[1] 1118
[1] "0.789769821800292 0.00670381448307915"
[1] 1119
[1] "0.443772194720805 0.00284305375052004"
[1] 1120
[1] "0.819766961410642 0.00405707273535151"
[1] 1121
[1] "0.289690910279751 0"
[1] 1122
[1] "0.83819495998323 0"
[1] 1123
[1] "0.592800933867693 0"
[1] 1124
[1] "0.866334539838135 0.225445690310878"
[1] 1125
[1] "0.806738523952663 0"
[1] 1126
[1] "0.921717248670757 0.0797399577709135"
[1] 1127
[1] "0.422752010449767 0.260912789240249"
[1] 1128
[1] "0.556554279848933 0"
[1] 1129
[1] "0.417612588591874 0.00464302950382177"
[1] 1130
[1] "0.463934660516679 0.0896352751716376"
[1] 1131
[1] "0.890880523063243 0"
[1] 1132
[1] "0.287886362709105 0.0344532350872859"
[1] 1133
[1] "0.521805519796908 0.0001601038293364"
[1] 1134
[1] "0.524860074929893 0.00337905351960712"
[1] 1135
[1] "0.549183403886855 0"
[1] 1136
[1] "0.341600077040493 0"
[1] 1137
[1] "0.412584160082042 0.00743232745916454"
[1] 1138
[1] "0.727640010789037 0.00688477502497927"
[1] 1139
[1] "0.852844403870404 0"
[1] 1140
[1] "0.536947475746274 0"
[1] 1141
[1] "0.328051443397999 0.0125458747581691"
[1] 1142
[1] "0.430888101831079 0.00955222752483901"
[1] 1143
[1] "0.841703206673265 0.645131871922698"
[1] 1144
[1] "0.331396545469761 0"
[1] 1145
[1] "0.831834188103676 0"
[1] 1146
[1] "0.619371975958347 0.0700037820262093"
[1] 1147
[1] "0.456028002128005 0"
[1] 1148
[1] "0.420141670294106 0.155287935947281"
[1] 1149
[1] "0.84151843059808 0"
[1] 1150
[1] "0.283219544962049 0.0136136345903474"
[1] 1151
[1] "0.870497813262045 0"
[1] 1152
[1] "0.263410298898816 0.000466790851483513"
[1] 1153
[1] "0.774051253683865 0"
[1] 1154
[1] "0.891694261319935 0.0134267671041748"
[1] 1155
[1] "0.982846566475928 0.0241661228016108"
[1] 1156
[1] "0.3993009660393 0.00171452201237703"
[1] 1157
[1] "0.21988855227828 0.000174843474290752"
[1] 1158
[1] "0.378382585570216 0.178725475216923"
[1] 1159
[1] "0.297620399668813 0"
[1] 1160
[1] "0.508191539905965 0.00115048887802265"
[1] 1161
[1] "0.26746437959373 0"
[1] 1162
[1] "0.426065519824624 0.00370658641842271"
[1] 1163
[1] "0.653265967033803 0"
[1] 1164
[1] "0.462833841890097 0"
[1] 1165
[1] "0.954779746197164 0"
[1] 1166
[1] "0.501842811144888 0.000467054023214791"
[1] 1167
[1] "0.96265248991549 0"
[1] 1168
[1] "0.418602294102311 0"
[1] 1169
[1] "0.749864124879241 0"
[1] 1170
[1] "0.309593443572521 0.04120718631366"
[1] 1171
[1] "0.848168617300689 0"
[1] 1172
[1] "0.810083753615618 0"
[1] 1173
[1] "0.553923867084086 0.0619548065290164"
[1] 1174
[1] "0.565340555645525 0"
[1] 1175
[1] "0.744364071078599 0.0571401049075011"
[1] 1176
[1] "0.259518327191472 0.00390566894342528"
[1] 1177
[1] "0.717303260043264 0"
[1] 1178
[1] "0.831931289285421 0.0141691656362492"
[1] 1179
[1] "0.378653205372393 0"
[1] 1180
[1] "0.232755192369223 0.112359278113657"
[1] 1181
[1] "0.507718690671027 0"
[1] 1182
[1] "0.47527372315526 0"
[1] 1183
[1] "0.557094953767955 0.187549553356876"
[1] 1184
[1] "0.50946653559804 0.0313703128493429"
[1] 1185
[1] "0.934654332324863 0.00589236915781388"
[1] 1186
[1] "0.339214034751058 0.00206222037604577"
[1] 1187
[1] "0.319896449893713 0.00527836093514027"
[1] 1188
[1] "0.690559383109212 0.0589493055757267"
[1] 1189
[1] "0.213794665597379 0.000922376050189115"
[1] 1190
[1] "0.252888387441635 0"
[1] 1191
[1] "0.823071233183146 0"
[1] 1192
[1] "0.948524901643395 0.0408975228256631"
[1] 1193
[1] "0.365763311646879 0"
[1] 1194
[1] "0.714674525521696 0.00968459069748349"
[1] 1195
[1] "0.465103660151362 0.101001563145518"
[1] 1196
[1] "0.964337272755802 0.0300018542032543"
[1] 1197
[1] "0.8537513256073 0.208446832077323"
[1] 1198
[1] "0.792220914550126 0.0786202015219684"
[1] 1199
[1] "0.378164781443775 0.0802027621179481"
[1] 1200
[1] "0.236579773202539 0.00106455833436478"
[1] 1201
[1] "0.49322126340121 0.0766407693121444"
[1] 1202
[1] "0.793114420026541 0.0138313450573909"
[1] 1203
[1] "0.946804999932647 0.0750719881362264"
[1] 1204
[1] "0.73856795988977 0"
[1] 1205
[1] "0.761085685901344 0.129977599881546"
[1] 1206
[1] "0.878100326284766 0.116592855260804"
[1] 1207
[1] "0.764925323985517 0.0389436531988331"
[1] 1208
[1] "0.887046207673848 0.199502476808676"
[1] 1209
[1] "0.556515592895448 0.00939397604557227"
[1] 1210
[1] "0.741307993605733 0"
[1] 1211
[1] "0.302259826101363 0.00103756772057691"
[1] 1212
[1] "0.788937228173018 0"
[1] 1213
[1] "0.253796118684113 0"
[1] 1214
[1] "0.42464005574584 0"
[1] 1215
[1] "0.529294146969915 0"
[1] 1216
[1] "0.954739997722209 0.0690197500797655"
[1] 1217
[1] "0.981874026544392 0"
[1] 1218
[1] "0.231093268096447 0"
[1] 1219
[1] "0.670182221755385 0.0133192292504111"
[1] 1220
[1] "0.224009341746569 0.000143408618529331"
[1] 1221
[1] "0.652224966697395 0.0159450331976708"
[1] 1222
[1] "0.278581784665585 0.016799302634201"
[1] 1223
[1] "0.704232630878687 0.0686530957689471"
[1] 1224
[1] "0.854801467619836 0"
[1] 1225
[1] "0.480033330433071 0"
[1] 1226
[1] "0.307186939939857 0.00336300984020444"
[1] 1227
[1] "0.264754702709615 0"
[1] 1228
[1] "0.48035465143621 0.132034776641616"
[1] 1229
[1] "0.99701742772013 0"
[1] 1230
[1] "0.626375048607588 0"
[1] 1231
[1] "0.468717904388905 0.377236178625064"
[1] 1232
[1] "0.451387714780867 0.000113709639112937"
[1] 1233
[1] "0.50609764829278 0"
[1] 1234
[1] "0.214837126247585 0.00343290800130146"
[1] 1235
[1] "0.22923129349947 0"
[1] 1236
[1] "0.902810635231435 0.0163053957805622"
[1] 1237
[1] "0.521651219017804 0"
[1] 1238
[1] "0.575504859350622 0.102672233367393"
[1] 1239
[1] "0.521869208104908 0.101766956824532"
[1] 1240
[1] "0.76167208198458 0.0914844851906619"
[1] 1241
[1] "0.519331572204828 0.000610903900732417"
[1] 1242
[1] "0.601566658169031 0.0580588331925896"
[1] 1243
[1] "0.229579000547528 0"
[1] 1244
[1] "0.438380587846041 1.79611425372043"
[1] 1245
[1] "0.970273585431278 0"
[1] 1246
[1] "0.948077523708344 0.00700608628103539"
[1] 1247
[1] "0.968879341892898 0"
[1] 1248
[1] "0.834076291322708 0.00940406232357726"
[1] 1249
[1] "0.803821754269302 0"
[1] 1250
[1] "0.252773304097354 0"
[1] 1251
[1] "0.308403823338449 0"
[1] 1252
[1] "0.298879500478506 0.000292263852429124"
[1] 1253
[1] "0.810035088658333 0.111854951836666"
[1] 1254
[1] "0.922772572748363 0.088592045449628"
[1] 1255
[1] "0.522127272188664 0"
[1] 1256
[1] "0.346050406247377 0.00937353321469966"
[1] 1257
[1] "0.499652175232768 0.116677635652259"
[1] 1258
[1] "0.604966941848397 0.10763864140535"
[1] 1259
[1] "0.93080214317888 0.000519364758303416"
[1] 1260
[1] "0.261316144838929 0"
[1] 1261
[1] "0.287796419113874 0.0377615763099155"
[1] 1262
[1] "0.803413777984679 0"
[1] 1263
[1] "0.443679020553827 0.000762108058233514"
[1] 1264
[1] "0.7790477251634 0.0118165640760594"
[1] 1265
[1] "0.385864023119211 0.0101796456756309"
[1] 1266
[1] "0.514767093583941 0.0342864936756232"
[1] 1267
[1] "0.606303517520428 0.000193201801595953"
[1] 1268
[1] "0.951933492347598 0.00108858114128306"
[1] 1269
[1] "0.246300136484206 0.000238222950307849"
[1] 1270
[1] "0.443812563642859 0.000648054301609014"
[1] 1271
[1] "0.392739235237241 0"
[1] 1272
[1] "0.508162748068571 0"
[1] 1273
[1] "0.810386684536934 0"
[1] 1274
[1] "0.891717598959804 0"
[1] 1275
[1] "0.743288972042501 0.000140873030669029"
[1] 1276
[1] "0.741410164348781 0.000477729318062969"
[1] 1277
[1] "0.332042015530169 0.00415305806793842"
[1] 1278
[1] "0.842293943464756 0"
[1] 1279
[1] "0.769594745151699 0"
[1] 1280
[1] "0.942962471209467 0.0103040040250714"
[1] 1281
[1] "0.205995683930814 0.00134929794462589"
[1] 1282
[1] "0.677065322734416 0"
[1] 1283
[1] "0.493396544642746 0"
[1] 1284
[1] "0.793573724292219 0"
[1] 1285
[1] "0.809669912420213 0.21176011100616"
[1] 1286
[1] "0.408578367345035 0.0298855668198481"
[1] 1287
[1] "0.403948705084622 0.0171728993471561"
[1] 1288
[1] "0.743072647973895 0.0306576347642119"
[1] 1289
[1] "0.588384529948235 0.00440103856152999"
[1] 1290
[1] "0.502867624163628 0.00063745323467019"
[1] 1291
[1] "0.244438386149704 0.134364782320661"
[1] 1292
[1] "0.919220718741417 0"
[1] 1293
[1] "0.841378651000559 0"
[1] 1294
[1] "0.584810440056026 0"
[1] 1295
[1] "0.225703007355332 0"
[1] 1296
[1] "0.609605449810624 0.36326868732406"
[1] 1297
[1] "0.49848101772368 0.00994727772095607"
[1] 1298
[1] "0.598857347853482 0"
[1] 1299
[1] "0.51941258944571 0"
[1] 1300
[1] "0.216757555678487 0.000255187844386274"
[1] 1301
[1] "0.61943122278899 0.000999519424920243"
[1] 1302
[1] "0.32831907980144 0.296806526599395"
[1] 1303
[1] "0.364091388136148 0.127222124502265"
[1] 1304
[1] "0.980181372538209 0.00249527546635282"
[1] 1305
[1] "0.973083900101483 0.37634687920351"
[1] 1306
[1] "0.808056257851422 0.000294494944777102"
[1] 1307
[1] "0.26109642572701 0"
[1] 1308
[1] "0.612659100815654 0"
[1] 1309
[1] "0.680244155600667 0.170263521292268"
[1] 1310
[1] "0.549619272723794 0"
[1] 1311
[1] "0.2013138089329 0"
[1] 1312
[1] "0.548441214486957 0.0678799592478728"
[1] 1313
[1] "0.600771015137434 0.0298820525956994"
[1] 1314
[1] "0.735683764889836 0"
[1] 1315
[1] "0.755885685421526 0.112290948299759"
[1] 1316
[1] "0.826008251495659 0"
[1] 1317
[1] "0.311218276433647 0"
[1] 1318
[1] "0.330596541799605 0.227324048839236"
[1] 1319
[1] "0.807634328119457 0.19172919045324"
[1] 1320
[1] "0.554962893947959 0.000912168876813322"
[1] 1321
[1] "0.703735064342618 0.00188922323068408"
[1] 1322
[1] "0.283610288240015 0"
[1] 1323
[1] "0.868439117819071 0"
[1] 1324
[1] "0.467159489542246 0.0145184666891152"
[1] 1325
[1] "0.359615350887179 0.177189488359029"
[1] 1326
[1] "0.755636381171644 0"
[1] 1327
[1] "0.332703010179102 0.1355702957353"
[1] 1328
[1] "0.259171123057604 0.189674084351572"
[1] 1329
[1] "0.230588950775564 0"
[1] 1330
[1] "0.876816173270345 0.00045725236790014"
[1] 1331
[1] "0.498838557861745 0"
[1] 1332
[1] "0.904568557813764 0"
[1] 1333
[1] "0.272254217974842 0.0668630441483575"
[1] 1334
[1] "0.596725928969681 0.0141209116325749"
[1] 1335
[1] "0.803458188846707 0"
[1] 1336
[1] "0.684712650440633 0"
[1] 1337
[1] "0.62273023724556 0.421879495717474"
[1] 1338
[1] "0.928165346197784 0.0900333826349762"
[1] 1339
[1] "0.988583123125136 0.00237391721766887"
[1] 1340
[1] "0.423794049583375 0.788649947475219"
[1] 1341
[1] "0.298793355748057 0.407453772279027"
[1] 1342
[1] "0.339503235183656 0"
[1] 1343
[1] "0.905068203806877 0"
[1] 1344
[1] "0.299702617712319 0.0508654896198485"
[1] 1345
[1] "0.439175123721361 0"
[1] 1346
[1] "0.331787711940706 0.00121027484682102"
[1] 1347
[1] "0.258087635599077 0.0921531158021079"
[1] 1348
[1] "0.390731185674667 0.00729046362481306"
[1] 1349
[1] "0.773333284258843 0.157707127161279"
[1] 1350
[1] "0.716016793437302 0"
[1] 1351
[1] "0.260699973255396 0.000419228210969272"
[1] 1352
[1] "0.338167137652636 0.064206951674652"
[1] 1353
[1] "0.31653628628701 0.000681703087290105"
[1] 1354
[1] "0.513520947471261 0.00200178433140649"
[1] 1355
[1] "0.385396079532802 0"
[1] 1356
[1] "0.649103858321905 0"
[1] 1357
[1] "0.666816149279475 0.909963623022811"
[1] 1358
[1] "0.279007470607758 0.00115628598288301"
[1] 1359
[1] "0.327133233100176 0"
[1] 1360
[1] "0.937652323208749 0.00564566838612494"
[1] 1361
[1] "0.887559775263071 0.000108460233440895"
[1] 1362
[1] "0.925759002752602 8.45912297137014e-05"
[1] 1363
[1] "0.292215165123344 8.2645587838737e-05"
[1] 1364
[1] "0.228431387245655 0.143714212552711"
[1] 1365
[1] "0.668603510037065 0"
[1] 1366
[1] "0.45133461188525 0"
[1] 1367
[1] "0.645511419326067 0.00034241946771745"
[1] 1368
[1] "0.483596332371235 0"
[1] 1369
[1] "0.314614649303257 0.0587537710488662"
[1] 1370
[1] "0.653708370216191 0"
[1] 1371
[1] "0.467278926260769 0"
[1] 1372
[1] "0.296320952475071 0.011103760446545"
[1] 1373
[1] "0.404683459363878 0"
[1] 1374
[1] "0.482708253152669 0"
[1] 1375
[1] "0.865055943466723 0"
[1] 1376
[1] "0.826579133234918 0.0299090794616086"
[1] 1377
[1] "0.952121765911579 0.0304240788501902"
[1] 1378
[1] "0.871359225362539 0.0583656167479941"
[1] 1379
[1] "0.319188015349209 0"
[1] 1380
[1] "0.672540868073702 0"
[1] 1381
[1] "0.859170080535114 0"
[1] 1382
[1] "0.705508292280138 0.00074773981987001"
[1] 1383
[1] "0.575943969190121 0.00016699767696432"
[1] 1384
[1] "0.406992722861469 0.0024674312444389"
[1] 1385
[1] "0.219664280675352 0.161877121638216"
[1] 1386
[1] "0.463046502135694 0.166123568200929"
[1] 1387
[1] "0.379882787540555 0.00450622201300077"
[1] 1388
[1] "0.90186547152698 0"
[1] 1389
[1] "0.742123360559344 0"
[1] 1390
[1] "0.620746642909944 0.00897796706791259"
[1] 1391
[1] "0.646149331144989 0.282700190769547"
[1] 1392
[1] "0.397977338731289 0"
[1] 1393
[1] "0.205837416648865 0"
[1] 1394
[1] "0.959125148132443 0"
[1] 1395
[1] "0.775320110842586 0.00831574475296779"
[1] 1396
[1] "0.423459635674953 0"
[1] 1397
[1] "0.795026284828782 0"
[1] 1398
[1] "0.896598720736802 0"
[1] 1399
[1] "0.504296100139618 0.102535916316508"
[1] 1400
[1] "0.775558012723923 0"
[1] 1401
[1] "0.391685368306935 0"
[1] 1402
[1] "0.718211899325252 0"
[1] 1403
[1] "0.980536608584225 0"
[1] 1404
[1] "0.502399046346545 0"
[1] 1405
[1] "0.571315302886069 0.0283408402697837"
[1] 1406
[1] "0.8498370366171 0.0110024461071182"
[1] 1407
[1] "0.595526490546763 0.0883785392026529"
[1] 1408
[1] "0.240247218124568 0.0138565049570739"
[1] 1409
[1] "0.304497392475605 0.0717767607038227"
[1] 1410
[1] "0.329150652885437 0.000506311419938114"
[1] 1411
[1] "0.271562527865171 0.000595262444067684"
[1] 1412
[1] "0.522891270555556 0.556630800844441"
[1] 1413
[1] "0.251087894290686 1.16360853090252"
[1] 1414
[1] "0.649604737944901 0"
[1] 1415
[1] "0.469219286367297 0"
[1] 1416
[1] "0.632513824850321 0.0171020358524456"
[1] 1417
[1] "0.930584977567196 0.0277227374164049"
[1] 1418
[1] "0.509504607319832 0.0378192782990123"
[1] 1419
[1] "0.968213731236756 0"
[1] 1420
[1] "0.507749273069203 0.4991791092768"
[1] 1421
[1] "0.953281583450735 0.0916537802443657"
[1] 1422
[1] "0.744508525729179 0.000270248880776007"
[1] 1423
[1] "0.922113882936537 0.117273559908537"
[1] 1424
[1] "0.403037652559578 1.41613114687325"
[1] 1425
[1] "0.524877703562379 0.0594205267319583"
[1] 1426
[1] "0.211398890800774 0.00424722361337169"
[1] 1427
[1] "0.288358235359192 0"
[1] 1428
[1] "0.601230233535171 0"
[1] 1429
[1] "0.4972213184461 0.000566748886693527"
[1] 1430
[1] "0.84473244342953 0"
[1] 1431
[1] "0.206338274851441 0.0545353382609592"
[1] 1432
[1] "0.869209647364914 0.00625632746066933"
[1] 1433
[1] "0.501471343450248 0"
[1] 1434
[1] "0.508198826573789 0"
[1] 1435
[1] "0.961224460415542 0.778178044344484"
[1] 1436
[1] "0.580539391562343 0.322210924498903"
[1] 1437
[1] "0.641675035469234 0.160898010813943"
[1] 1438
[1] "0.947773060016334 0"
[1] 1439
[1] "0.890749004855752 0.515330430456004"
[1] 1440
[1] "0.407931587472558 0.162188448743005"
[1] 1441
[1] "0.750159867666662 0"
[1] 1442
[1] "0.558325796946883 0"
[1] 1443
[1] "0.374413020722568 0"
[1] 1444
[1] "0.748989452049136 0.000813744944971832"
[1] 1445
[1] "0.967505620233715 0.200587560985664"
[1] 1446
[1] "0.407523584738374 0.40585312063213"
[1] 1447
[1] "0.575007993541658 0.166820399218145"
[1] 1448
[1] "0.457071646116674 0.0020905104051625"
[1] 1449
[1] "0.331714251637459 0.0524911653655183"
[1] 1450
[1] "0.771782180294394 9.87707598344659e-05"
[1] 1451
[1] "0.622532601095736 0.466514710762952"
[1] 1452
[1] "0.387771744094789 0"
[1] 1453
[1] "0.251545329205692 0.0812078504106965"
[1] 1454
[1] "0.740610796958208 0.0602184467506806"
[1] 1455
[1] "0.844916289485991 0.026100935896572"
[1] 1456
[1] "0.292376988194883 0.0028729513510756"
[1] 1457
[1] "0.753611537069082 0.00152671176440554"
[1] 1458
[1] "0.217428982816637 0"
[1] 1459
[1] "0.489101366885006 0.00230835748602101"
[1] 1460
[1] "0.785824039950967 0.000461489220584562"
[1] 1461
[1] "0.450098433531821 0"
[1] 1462
[1] "0.557722442597151 0.000204161332673687"
[1] 1463
[1] "0.860351254418492 0"
[1] 1464
[1] "0.465436372160912 0.00561135733481376"
[1] 1465
[1] "0.315220133773983 2.01277766559491"
[1] 1466
[1] "0.440736601687968 0"
[1] 1467
[1] "0.330081437528133 0.0345408618523243"
[1] 1468
[1] "0.871577262692154 0.264142569675042"
[1] 1469
[1] "0.731445981748402 0"
[1] 1470
[1] "0.311093844473362 0.128352377709012"
[1] 1471
[1] "0.460705451108515 0.100399847296945"
[1] 1472
[1] "0.865144175104797 0.0592697583837684"
[1] 1473
[1] "0.858031283505261 0.600860759567546"
[1] 1474
[1] "0.319519936293364 0"
[1] 1475
[1] "0.537023751623929 0.933569183563032"
[1] 1476
[1] "0.55614612121135 0"
[1] 1477
[1] "0.907141900621355 0.048786526545387"
[1] 1478
[1] "0.531997861340642 0.000133874875493255"
[1] 1479
[1] "0.7519137294963 0.0673371537692399"
[1] 1480
[1] "0.77353670168668 0.00891047039726921"
[1] 1481
[1] "0.209903335943818 0.0910753505596971"
[1] 1482
[1] "0.230263558775187 0"
[1] 1483
[1] "0.272701931372285 0"
[1] 1484
[1] "0.519059173949063 0.0293410604112647"
[1] 1485
[1] "0.920171660743654 0.116137987225206"
/var/spool/slurm/d/job1865723/slurm_script: line 8: 1096557 Segmentation fault      (core dumped) Rscript simulation.R
